<?xml version="1.0" encoding="UTF-8"?>
<testsuites name="deno test" tests="428" failures="78" errors="0" time="2.392">
    <testsuite name="./lib/cli/tests/1_structure_breakdown_config_option_custom_test.ts" tests="15" disabled="0" errors="0" failures="0">
        <testcase name="BreakdownConfigOption - CustomConfig Functionality" classname="./lib/cli/tests/1_structure_breakdown_config_option_custom_test.ts" time="0.002" line="12" col="6">
        </testcase>
        <testcase name="BreakdownConfigOption - CustomConfig Methods" classname="./lib/cli/tests/1_structure_breakdown_config_option_custom_test.ts" time="0.002" line="89" col="6">
        </testcase>
        <testcase name="BreakdownConfigOption - Error Handling" classname="./lib/cli/tests/1_structure_breakdown_config_option_custom_test.ts" time="0.032" line="187" col="6">
        </testcase>
        <testcase name="BreakdownConfigOption - CustomConfig Functionality &gt; should allow setting and getting CustomConfig programmatically" classname="./lib/cli/tests/1_structure_breakdown_config_option_custom_test.ts" time="0.001" line="13" col="11">
        </testcase>
        <testcase name="BreakdownConfigOption - CustomConfig Functionality &gt; should provide correct type interfaces" classname="./lib/cli/tests/1_structure_breakdown_config_option_custom_test.ts" time="0.000" line="38" col="11">
        </testcase>
        <testcase name="BreakdownConfigOption - CustomConfig Functionality &gt; should handle working directory parameter" classname="./lib/cli/tests/1_structure_breakdown_config_option_custom_test.ts" time="0.000" line="61" col="11">
        </testcase>
        <testcase name="BreakdownConfigOption - CustomConfig Functionality &gt; should handle undefined CustomConfig gracefully" classname="./lib/cli/tests/1_structure_breakdown_config_option_custom_test.ts" time="0.000" line="69" col="11">
        </testcase>
        <testcase name="BreakdownConfigOption - CustomConfig Methods &gt; should check if CustomConfig is enabled" classname="./lib/cli/tests/1_structure_breakdown_config_option_custom_test.ts" time="0.001" line="106" col="11">
        </testcase>
        <testcase name="BreakdownConfigOption - CustomConfig Methods &gt; should get findBugs configuration" classname="./lib/cli/tests/1_structure_breakdown_config_option_custom_test.ts" time="0.000" line="121" col="11">
        </testcase>
        <testcase name="BreakdownConfigOption - CustomConfig Methods &gt; should check if find-bugs is enabled" classname="./lib/cli/tests/1_structure_breakdown_config_option_custom_test.ts" time="0.000" line="133" col="11">
        </testcase>
        <testcase name="BreakdownConfigOption - CustomConfig Methods &gt; should get supported two-parameter commands" classname="./lib/cli/tests/1_structure_breakdown_config_option_custom_test.ts" time="0.000" line="151" col="11">
        </testcase>
        <testcase name="BreakdownConfigOption - CustomConfig Methods &gt; should check if specific two-parameter command is supported" classname="./lib/cli/tests/1_structure_breakdown_config_option_custom_test.ts" time="0.000" line="162" col="11">
        </testcase>
        <testcase name="BreakdownConfigOption - CustomConfig Methods &gt; should get find configuration" classname="./lib/cli/tests/1_structure_breakdown_config_option_custom_test.ts" time="0.000" line="175" col="11">
        </testcase>
        <testcase name="BreakdownConfigOption - Error Handling &gt; should handle BreakdownConfig loading errors gracefully" classname="./lib/cli/tests/1_structure_breakdown_config_option_custom_test.ts" time="0.030" line="188" col="11">
        </testcase>
        <testcase name="BreakdownConfigOption - Error Handling &gt; should handle missing CustomConfig sections" classname="./lib/cli/tests/1_structure_breakdown_config_option_custom_test.ts" time="0.001" line="201" col="11">
        </testcase>
    </testsuite>
    <testsuite name="./lib/cli/config_prefix_detector_test.ts" tests="10" disabled="0" errors="0" failures="0">
        <testcase name="ConfigPrefixDetector.detectConfigPath - detects --config option" classname="./lib/cli/config_prefix_detector_test.ts" time="0.000" line="8" col="6">
        </testcase>
        <testcase name="ConfigPrefixDetector.detectConfigPath - detects -c short option" classname="./lib/cli/config_prefix_detector_test.ts" time="0.000" line="14" col="6">
        </testcase>
        <testcase name="ConfigPrefixDetector.detectConfigPath - returns undefined when not found" classname="./lib/cli/config_prefix_detector_test.ts" time="0.000" line="20" col="6">
        </testcase>
        <testcase name="ConfigPrefixDetector.detectConfigPath - ignores config without value" classname="./lib/cli/config_prefix_detector_test.ts" time="0.000" line="26" col="6">
        </testcase>
        <testcase name="ConfigPrefixDetector.detectConfigPath - ignores config followed by another option" classname="./lib/cli/config_prefix_detector_test.ts" time="0.000" line="32" col="6">
        </testcase>
        <testcase name="ConfigPrefixDetector.detectConfigPath - handles config at end of args" classname="./lib/cli/config_prefix_detector_test.ts" time="0.000" line="38" col="6">
        </testcase>
        <testcase name="ConfigPrefixDetector.detectConfigPath - returns first config when multiple exist" classname="./lib/cli/config_prefix_detector_test.ts" time="0.000" line="44" col="6">
        </testcase>
        <testcase name="ConfigPrefixDetector.detectConfigPath - handles empty args array" classname="./lib/cli/config_prefix_detector_test.ts" time="0.000" line="50" col="6">
        </testcase>
        <testcase name="ConfigPrefixDetector.detectConfigPath - handles predefined config names" classname="./lib/cli/config_prefix_detector_test.ts" time="0.000" line="56" col="6">
        </testcase>
        <testcase name="ConfigPrefixDetector.detectConfigPath - handles file paths with spaces when quoted" classname="./lib/cli/config_prefix_detector_test.ts" time="0.000" line="62" col="6">
        </testcase>
    </testsuite>
    <testsuite name="./lib/cli/tests/1_structure_breakdown_config_prefix_boundary_test.ts" tests="34" disabled="0" errors="0" failures="0">
        <testcase name="BreakdownConfigPrefix - Boundary Value Tests" classname="./lib/cli/tests/1_structure_breakdown_config_prefix_boundary_test.ts" time="0.002" line="11" col="6">
        </testcase>
        <testcase name="BreakdownConfigPrefix - Error Boundary Tests" classname="./lib/cli/tests/1_structure_breakdown_config_prefix_boundary_test.ts" time="0.001" line="46" col="6">
        </testcase>
        <testcase name="BreakdownConfigPrefix - Multiple Options Boundary" classname="./lib/cli/tests/1_structure_breakdown_config_prefix_boundary_test.ts" time="0.001" line="78" col="6">
        </testcase>
        <testcase name="BreakdownConfigPrefix - Integration with Other Options" classname="./lib/cli/tests/1_structure_breakdown_config_prefix_boundary_test.ts" time="0.001" line="104" col="6">
        </testcase>
        <testcase name="BreakdownConfigPrefix - Path and File Format Tests" classname="./lib/cli/tests/1_structure_breakdown_config_prefix_boundary_test.ts" time="0.001" line="142" col="6">
        </testcase>
        <testcase name="BreakdownConfigPrefix - Whitespace and Special Cases" classname="./lib/cli/tests/1_structure_breakdown_config_prefix_boundary_test.ts" time="0.000" line="174" col="6">
        </testcase>
        <testcase name="BreakdownConfigPrefix - Boundary Value Tests &gt; Empty prefix boundary" classname="./lib/cli/tests/1_structure_breakdown_config_prefix_boundary_test.ts" time="0.001" line="12" col="11">
        </testcase>
        <testcase name="BreakdownConfigPrefix - Boundary Value Tests &gt; Single character prefix" classname="./lib/cli/tests/1_structure_breakdown_config_prefix_boundary_test.ts" time="0.000" line="18" col="11">
        </testcase>
        <testcase name="BreakdownConfigPrefix - Boundary Value Tests &gt; Very long prefix" classname="./lib/cli/tests/1_structure_breakdown_config_prefix_boundary_test.ts" time="0.000" line="24" col="11">
        </testcase>
        <testcase name="BreakdownConfigPrefix - Boundary Value Tests &gt; Prefix with special characters" classname="./lib/cli/tests/1_structure_breakdown_config_prefix_boundary_test.ts" time="0.000" line="31" col="11">
        </testcase>
        <testcase name="BreakdownConfigPrefix - Boundary Value Tests &gt; Unicode prefix" classname="./lib/cli/tests/1_structure_breakdown_config_prefix_boundary_test.ts" time="0.000" line="38" col="11">
        </testcase>
        <testcase name="BreakdownConfigPrefix - Error Boundary Tests &gt; Missing value at end of arguments" classname="./lib/cli/tests/1_structure_breakdown_config_prefix_boundary_test.ts" time="0.000" line="47" col="11">
        </testcase>
        <testcase name="BreakdownConfigPrefix - Error Boundary Tests &gt; Missing value with short form" classname="./lib/cli/tests/1_structure_breakdown_config_prefix_boundary_test.ts" time="0.000" line="53" col="11">
        </testcase>
        <testcase name="BreakdownConfigPrefix - Error Boundary Tests &gt; Next argument is another option" classname="./lib/cli/tests/1_structure_breakdown_config_prefix_boundary_test.ts" time="0.000" line="59" col="11">
        </testcase>
        <testcase name="BreakdownConfigPrefix - Error Boundary Tests &gt; Next argument is another short option" classname="./lib/cli/tests/1_structure_breakdown_config_prefix_boundary_test.ts" time="0.000" line="65" col="11">
        </testcase>
        <testcase name="BreakdownConfigPrefix - Error Boundary Tests &gt; Config option in middle with missing value" classname="./lib/cli/tests/1_structure_breakdown_config_prefix_boundary_test.ts" time="0.000" line="71" col="11">
        </testcase>
        <testcase name="BreakdownConfigPrefix - Multiple Options Boundary &gt; First config wins with equals format" classname="./lib/cli/tests/1_structure_breakdown_config_prefix_boundary_test.ts" time="0.000" line="79" col="11">
        </testcase>
        <testcase name="BreakdownConfigPrefix - Multiple Options Boundary &gt; First config wins with space format" classname="./lib/cli/tests/1_structure_breakdown_config_prefix_boundary_test.ts" time="0.000" line="85" col="11">
        </testcase>
        <testcase name="BreakdownConfigPrefix - Multiple Options Boundary &gt; Mixed format - equals first" classname="./lib/cli/tests/1_structure_breakdown_config_prefix_boundary_test.ts" time="0.000" line="91" col="11">
        </testcase>
        <testcase name="BreakdownConfigPrefix - Multiple Options Boundary &gt; Mixed format - space first" classname="./lib/cli/tests/1_structure_breakdown_config_prefix_boundary_test.ts" time="0.000" line="97" col="11">
        </testcase>
        <testcase name="BreakdownConfigPrefix - Integration with Other Options &gt; Config with command arguments" classname="./lib/cli/tests/1_structure_breakdown_config_prefix_boundary_test.ts" time="0.000" line="105" col="11">
        </testcase>
        <testcase name="BreakdownConfigPrefix - Integration with Other Options &gt; Config at beginning" classname="./lib/cli/tests/1_structure_breakdown_config_prefix_boundary_test.ts" time="0.000" line="111" col="11">
        </testcase>
        <testcase name="BreakdownConfigPrefix - Integration with Other Options &gt; Config at end" classname="./lib/cli/tests/1_structure_breakdown_config_prefix_boundary_test.ts" time="0.000" line="117" col="11">
        </testcase>
        <testcase name="BreakdownConfigPrefix - Integration with Other Options &gt; Config with help flag" classname="./lib/cli/tests/1_structure_breakdown_config_prefix_boundary_test.ts" time="0.000" line="123" col="11">
        </testcase>
        <testcase name="BreakdownConfigPrefix - Integration with Other Options &gt; Complex integration" classname="./lib/cli/tests/1_structure_breakdown_config_prefix_boundary_test.ts" time="0.000" line="129" col="11">
        </testcase>
        <testcase name="BreakdownConfigPrefix - Path and File Format Tests &gt; Relative path" classname="./lib/cli/tests/1_structure_breakdown_config_prefix_boundary_test.ts" time="0.000" line="143" col="11">
        </testcase>
        <testcase name="BreakdownConfigPrefix - Path and File Format Tests &gt; Absolute path" classname="./lib/cli/tests/1_structure_breakdown_config_prefix_boundary_test.ts" time="0.000" line="149" col="11">
        </testcase>
        <testcase name="BreakdownConfigPrefix - Path and File Format Tests &gt; Windows-style path" classname="./lib/cli/tests/1_structure_breakdown_config_prefix_boundary_test.ts" time="0.000" line="155" col="11">
        </testcase>
        <testcase name="BreakdownConfigPrefix - Path and File Format Tests &gt; Config name only" classname="./lib/cli/tests/1_structure_breakdown_config_prefix_boundary_test.ts" time="0.000" line="161" col="11">
        </testcase>
        <testcase name="BreakdownConfigPrefix - Path and File Format Tests &gt; URL-like config" classname="./lib/cli/tests/1_structure_breakdown_config_prefix_boundary_test.ts" time="0.000" line="167" col="11">
        </testcase>
        <testcase name="BreakdownConfigPrefix - Whitespace and Special Cases &gt; Config with spaces in value" classname="./lib/cli/tests/1_structure_breakdown_config_prefix_boundary_test.ts" time="0.000" line="175" col="11">
        </testcase>
        <testcase name="BreakdownConfigPrefix - Whitespace and Special Cases &gt; Config with tabs" classname="./lib/cli/tests/1_structure_breakdown_config_prefix_boundary_test.ts" time="0.000" line="181" col="11">
        </testcase>
        <testcase name="BreakdownConfigPrefix - Whitespace and Special Cases &gt; Config with newlines" classname="./lib/cli/tests/1_structure_breakdown_config_prefix_boundary_test.ts" time="0.000" line="187" col="11">
        </testcase>
        <testcase name="BreakdownConfigPrefix - Whitespace and Special Cases &gt; Config with quotes" classname="./lib/cli/tests/1_structure_breakdown_config_prefix_boundary_test.ts" time="0.000" line="193" col="11">
        </testcase>
    </testsuite>
    <testsuite name="./lib/cli/tests/0_architecture_config_integration_test.ts" tests="11" disabled="0" errors="0" failures="0">
        <testcase name="CLI Config Integration Tests" classname="./lib/cli/tests/0_architecture_config_integration_test.ts" time="0.052" line="9" col="6">
        </testcase>
        <testcase name="CLI Config Integration Tests &gt; should parse --config=production argument correctly" classname="./lib/cli/tests/0_architecture_config_integration_test.ts" time="0.000" line="34" col="13">
        </testcase>
        <testcase name="CLI Config Integration Tests &gt; should load production-user.yml with --config=production" classname="./lib/cli/tests/0_architecture_config_integration_test.ts" time="0.038" line="42" col="13">
        </testcase>
        <testcase name="CLI Config Integration Tests &gt; should support find bugs command with CustomConfig" classname="./lib/cli/tests/0_architecture_config_integration_test.ts" time="0.002" line="56" col="13">
        </testcase>
        <testcase name="CLI Config Integration Tests &gt; should load full configuration structure" classname="./lib/cli/tests/0_architecture_config_integration_test.ts" time="0.001" line="72" col="13">
        </testcase>
        <testcase name="CLI Config Integration Tests &gt; should handle missing config file gracefully" classname="./lib/cli/tests/0_architecture_config_integration_test.ts" time="0.000" line="92" col="13">
        </testcase>
        <testcase name="CLI Config Integration Tests &gt; should work without config option" classname="./lib/cli/tests/0_architecture_config_integration_test.ts" time="0.000" line="107" col="13">
        </testcase>
        <testcase name="CLI Config Integration Tests &gt; should parse -c short form" classname="./lib/cli/tests/0_architecture_config_integration_test.ts" time="0.000" line="125" col="13">
        </testcase>
        <testcase name="CLI Config Integration Tests &gt; should parse -c=production format" classname="./lib/cli/tests/0_architecture_config_integration_test.ts" time="0.000" line="133" col="13">
        </testcase>
        <testcase name="CLI Config Integration Tests &gt; should validate CustomConfig findBugs settings" classname="./lib/cli/tests/0_architecture_config_integration_test.ts" time="0.001" line="141" col="13">
        </testcase>
        <testcase name="CLI Config Integration Tests &gt; should support two-param command validation" classname="./lib/cli/tests/0_architecture_config_integration_test.ts" time="0.001" line="172" col="13">
        </testcase>
    </testsuite>
    <testsuite name="./lib/cli/tests/1_structure_breakdown_config_option_test.ts" tests="10" disabled="0" errors="0" failures="0">
        <testcase name="BreakdownConfigOption - parses --config=prefix format" classname="./lib/cli/tests/1_structure_breakdown_config_option_test.ts" time="0.000" line="4" col="6">
        </testcase>
        <testcase name="BreakdownConfigOption - parses -c=prefix format" classname="./lib/cli/tests/1_structure_breakdown_config_option_test.ts" time="0.000" line="12" col="6">
        </testcase>
        <testcase name="BreakdownConfigOption - parses --config prefix space-separated format" classname="./lib/cli/tests/1_structure_breakdown_config_option_test.ts" time="0.000" line="20" col="6">
        </testcase>
        <testcase name="BreakdownConfigOption - parses -c prefix space-separated format" classname="./lib/cli/tests/1_structure_breakdown_config_option_test.ts" time="0.000" line="28" col="6">
        </testcase>
        <testcase name="BreakdownConfigOption - returns undefined when no config option" classname="./lib/cli/tests/1_structure_breakdown_config_option_test.ts" time="0.000" line="36" col="6">
        </testcase>
        <testcase name="BreakdownConfigOption - handles empty prefix" classname="./lib/cli/tests/1_structure_breakdown_config_option_test.ts" time="0.000" line="44" col="6">
        </testcase>
        <testcase name="BreakdownConfigOption - ignores next option as value" classname="./lib/cli/tests/1_structure_breakdown_config_option_test.ts" time="0.000" line="52" col="6">
        </testcase>
        <testcase name="BreakdownConfigOption - ignores -c at end of args" classname="./lib/cli/tests/1_structure_breakdown_config_option_test.ts" time="0.000" line="60" col="6">
        </testcase>
        <testcase name="BreakdownConfigOption - takes first config option when multiple exist" classname="./lib/cli/tests/1_structure_breakdown_config_option_test.ts" time="0.000" line="68" col="6">
        </testcase>
        <testcase name="BreakdownConfigOption - handles complex prefix values" classname="./lib/cli/tests/1_structure_breakdown_config_option_test.ts" time="0.000" line="76" col="6">
        </testcase>
    </testsuite>
    <testsuite name="./lib/cli/tests/1_structure_predefined_configs_test.ts" tests="4" disabled="0" errors="0" failures="0">
        <testcase name="PREDEFINED_CONFIGS - includes production mapping" classname="./lib/cli/tests/1_structure_predefined_configs_test.ts" time="0.000" line="10" col="6">
        </testcase>
        <testcase name="PREDEFINED_CONFIGS - all predefined configs present" classname="./lib/cli/tests/1_structure_predefined_configs_test.ts" time="0.000" line="29" col="6">
        </testcase>
        <testcase name="resolveConfigPath - handles predefined config names" classname="./lib/cli/tests/1_structure_predefined_configs_test.ts" time="0.001" line="41" col="6">
        </testcase>
        <testcase name="resolveConfigPath - handles custom file paths" classname="./lib/cli/tests/1_structure_predefined_configs_test.ts" time="0.000" line="73" col="6">
        </testcase>
    </testsuite>
    <testsuite name="./lib/cli/tests/0_architecture_custom_config_integration_test.ts" tests="18" disabled="0" errors="0" failures="17">
        <testcase name="CustomConfig - Core Functionality" classname="./lib/cli/tests/0_architecture_custom_config_integration_test.ts" time="0.005" line="103" col="6">
            <failure message="3 test steps failed">3 test steps failed.</failure>
        </testcase>
        <testcase name="CustomConfig - BreakdownParams Integration" classname="./lib/cli/tests/0_architecture_custom_config_integration_test.ts" time="0.001" line="168" col="6">
            <failure message="4 test steps failed">4 test steps failed.</failure>
        </testcase>
        <testcase name="CustomConfig - Find Command Integration" classname="./lib/cli/tests/0_architecture_custom_config_integration_test.ts" time="0.002" line="245" col="6">
            <failure message="2 test steps failed">2 test steps failed.</failure>
        </testcase>
        <testcase name="CustomConfig - Error Handling" classname="./lib/cli/tests/0_architecture_custom_config_integration_test.ts" time="0.003" line="281" col="6">
            <failure message="1 test step failed">1 test step failed.</failure>
        </testcase>
        <testcase name="CustomConfig - Performance and Validation" classname="./lib/cli/tests/0_architecture_custom_config_integration_test.ts" time="0.003" line="305" col="6">
            <failure message="2 test steps failed">2 test steps failed.</failure>
        </testcase>
        <testcase name="CustomConfig - Core Functionality &gt; should load CustomConfig from production-user.yml" classname="./lib/cli/tests/0_architecture_custom_config_integration_test.ts" time="0.003" line="106" col="11">
            <failure message="Uncaught Error: Failed to load config from /private/var/folders/02/xg6n7xd16l7cq_xgh9_x9d300000gp/T/351211a774434b42/config/production-user.yml: No such file or directory (os error 2): readfile &apos;/private/var/folders/02/xg6n7xd16l7cq_xgh9_x9d300000gp/T/351211a774434b42/config/production-user.yml&apos;">Error: Failed to load config from /private/var/folders/02/xg6n7xd16l7cq_xgh9_x9d300000gp/T/351211a774434b42/config/production-user.yml: No such file or directory (os error 2): readfile &apos;/private/var/folders/02/xg6n7xd16l7cq_xgh9_x9d300000gp/T/351211a774434b42/config/production-user.yml&apos;
    throw new Error(`Failed to load config from ${configPath}: ${message}`);
[0m[31m          ^[0m
    at [0m[1m[3mloadCustomConfig[0m ([0m[36mfile:///Users/tettuan/github/breakdown/lib/cli/tests/0_architecture_custom_config_integration_test.ts[0m:[0m[33m99[0m:[0m[33m11[0m)
    at async [0m[36mfile:///Users/tettuan/github/breakdown/lib/cli/tests/0_architecture_custom_config_integration_test.ts[0m:[0m[33m107[0m:[0m[33m20[0m
    at async [0m[1m[3minnerWrapped[0m ([0m[36mext:cli/40_test.js[0m:[0m[33m191[0m:[0m[33m5[0m)
    at async [0m[1m[3mexitSanitizer[0m ([0m[36mext:cli/40_test.js[0m:[0m[33m107[0m:[0m[33m27[0m)
    at async [0m[1m[3mObject.outerWrapped [as fn][0m ([0m[36mext:cli/40_test.js[0m:[0m[33m134[0m:[0m[33m14[0m)
    at async [0m[1m[3mTestContext.step[0m ([0m[36mext:cli/40_test.js[0m:[0m[33m492[0m:[0m[33m22[0m)
    at async [0m[36mfile:///Users/tettuan/github/breakdown/lib/cli/tests/0_architecture_custom_config_integration_test.ts[0m:[0m[33m106[0m:[0m[33m3[0m</failure>
        </testcase>
        <testcase name="CustomConfig - Core Functionality &gt; should validate findBugs configuration" classname="./lib/cli/tests/0_architecture_custom_config_integration_test.ts" time="0.000" line="118" col="11">
            <failure message="Uncaught Error: Failed to load config from /private/var/folders/02/xg6n7xd16l7cq_xgh9_x9d300000gp/T/351211a774434b42/config/production-user.yml: No such file or directory (os error 2): readfile &apos;/private/var/folders/02/xg6n7xd16l7cq_xgh9_x9d300000gp/T/351211a774434b42/config/production-user.yml&apos;">Error: Failed to load config from /private/var/folders/02/xg6n7xd16l7cq_xgh9_x9d300000gp/T/351211a774434b42/config/production-user.yml: No such file or directory (os error 2): readfile &apos;/private/var/folders/02/xg6n7xd16l7cq_xgh9_x9d300000gp/T/351211a774434b42/config/production-user.yml&apos;
    throw new Error(`Failed to load config from ${configPath}: ${message}`);
[0m[31m          ^[0m
    at [0m[1m[3mloadCustomConfig[0m ([0m[36mfile:///Users/tettuan/github/breakdown/lib/cli/tests/0_architecture_custom_config_integration_test.ts[0m:[0m[33m99[0m:[0m[33m11[0m)
    at async [0m[36mfile:///Users/tettuan/github/breakdown/lib/cli/tests/0_architecture_custom_config_integration_test.ts[0m:[0m[33m119[0m:[0m[33m20[0m
    at async [0m[1m[3minnerWrapped[0m ([0m[36mext:cli/40_test.js[0m:[0m[33m191[0m:[0m[33m5[0m)
    at async [0m[1m[3mexitSanitizer[0m ([0m[36mext:cli/40_test.js[0m:[0m[33m107[0m:[0m[33m27[0m)
    at async [0m[1m[3mObject.outerWrapped [as fn][0m ([0m[36mext:cli/40_test.js[0m:[0m[33m134[0m:[0m[33m14[0m)
    at async [0m[1m[3mTestContext.step[0m ([0m[36mext:cli/40_test.js[0m:[0m[33m492[0m:[0m[33m22[0m)
    at async [0m[36mfile:///Users/tettuan/github/breakdown/lib/cli/tests/0_architecture_custom_config_integration_test.ts[0m:[0m[33m118[0m:[0m[33m3[0m</failure>
        </testcase>
        <testcase name="CustomConfig - Core Functionality &gt; should validate file extensions and exclusions" classname="./lib/cli/tests/0_architecture_custom_config_integration_test.ts" time="0.000" line="150" col="11">
            <failure message="Uncaught Error: Failed to load config from /private/var/folders/02/xg6n7xd16l7cq_xgh9_x9d300000gp/T/351211a774434b42/config/production-user.yml: No such file or directory (os error 2): readfile &apos;/private/var/folders/02/xg6n7xd16l7cq_xgh9_x9d300000gp/T/351211a774434b42/config/production-user.yml&apos;">Error: Failed to load config from /private/var/folders/02/xg6n7xd16l7cq_xgh9_x9d300000gp/T/351211a774434b42/config/production-user.yml: No such file or directory (os error 2): readfile &apos;/private/var/folders/02/xg6n7xd16l7cq_xgh9_x9d300000gp/T/351211a774434b42/config/production-user.yml&apos;
    throw new Error(`Failed to load config from ${configPath}: ${message}`);
[0m[31m          ^[0m
    at [0m[1m[3mloadCustomConfig[0m ([0m[36mfile:///Users/tettuan/github/breakdown/lib/cli/tests/0_architecture_custom_config_integration_test.ts[0m:[0m[33m99[0m:[0m[33m11[0m)
    at async [0m[36mfile:///Users/tettuan/github/breakdown/lib/cli/tests/0_architecture_custom_config_integration_test.ts[0m:[0m[33m151[0m:[0m[33m20[0m
    at async [0m[1m[3minnerWrapped[0m ([0m[36mext:cli/40_test.js[0m:[0m[33m191[0m:[0m[33m5[0m)
    at async [0m[1m[3mexitSanitizer[0m ([0m[36mext:cli/40_test.js[0m:[0m[33m107[0m:[0m[33m27[0m)
    at async [0m[1m[3mObject.outerWrapped [as fn][0m ([0m[36mext:cli/40_test.js[0m:[0m[33m134[0m:[0m[33m14[0m)
    at async [0m[1m[3mTestContext.step[0m ([0m[36mext:cli/40_test.js[0m:[0m[33m492[0m:[0m[33m22[0m)
    at async [0m[36mfile:///Users/tettuan/github/breakdown/lib/cli/tests/0_architecture_custom_config_integration_test.ts[0m:[0m[33m150[0m:[0m[33m3[0m</failure>
        </testcase>
        <testcase name="CustomConfig - BreakdownParams Integration &gt; should validate BreakdownParams customConfig structure" classname="./lib/cli/tests/0_architecture_custom_config_integration_test.ts" time="0.000" line="171" col="11">
            <failure message="Uncaught Error: Failed to load config from /private/var/folders/02/xg6n7xd16l7cq_xgh9_x9d300000gp/T/351211a774434b42/config/production-user.yml: No such file or directory (os error 2): readfile &apos;/private/var/folders/02/xg6n7xd16l7cq_xgh9_x9d300000gp/T/351211a774434b42/config/production-user.yml&apos;">Error: Failed to load config from /private/var/folders/02/xg6n7xd16l7cq_xgh9_x9d300000gp/T/351211a774434b42/config/production-user.yml: No such file or directory (os error 2): readfile &apos;/private/var/folders/02/xg6n7xd16l7cq_xgh9_x9d300000gp/T/351211a774434b42/config/production-user.yml&apos;
    throw new Error(`Failed to load config from ${configPath}: ${message}`);
[0m[31m          ^[0m
    at [0m[1m[3mloadCustomConfig[0m ([0m[36mfile:///Users/tettuan/github/breakdown/lib/cli/tests/0_architecture_custom_config_integration_test.ts[0m:[0m[33m99[0m:[0m[33m11[0m)
    at async [0m[36mfile:///Users/tettuan/github/breakdown/lib/cli/tests/0_architecture_custom_config_integration_test.ts[0m:[0m[33m172[0m:[0m[33m20[0m
    at async [0m[1m[3minnerWrapped[0m ([0m[36mext:cli/40_test.js[0m:[0m[33m191[0m:[0m[33m5[0m)
    at async [0m[1m[3mexitSanitizer[0m ([0m[36mext:cli/40_test.js[0m:[0m[33m107[0m:[0m[33m27[0m)
    at async [0m[1m[3mObject.outerWrapped [as fn][0m ([0m[36mext:cli/40_test.js[0m:[0m[33m134[0m:[0m[33m14[0m)
    at async [0m[1m[3mTestContext.step[0m ([0m[36mext:cli/40_test.js[0m:[0m[33m492[0m:[0m[33m22[0m)
    at async [0m[36mfile:///Users/tettuan/github/breakdown/lib/cli/tests/0_architecture_custom_config_integration_test.ts[0m:[0m[33m171[0m:[0m[33m3[0m</failure>
        </testcase>
        <testcase name="CustomConfig - BreakdownParams Integration &gt; should validate two-parameter command patterns" classname="./lib/cli/tests/0_architecture_custom_config_integration_test.ts" time="0.001" line="184" col="11">
            <failure message="Uncaught Error: Failed to load config from /private/var/folders/02/xg6n7xd16l7cq_xgh9_x9d300000gp/T/351211a774434b42/config/production-user.yml: No such file or directory (os error 2): readfile &apos;/private/var/folders/02/xg6n7xd16l7cq_xgh9_x9d300000gp/T/351211a774434b42/config/production-user.yml&apos;">Error: Failed to load config from /private/var/folders/02/xg6n7xd16l7cq_xgh9_x9d300000gp/T/351211a774434b42/config/production-user.yml: No such file or directory (os error 2): readfile &apos;/private/var/folders/02/xg6n7xd16l7cq_xgh9_x9d300000gp/T/351211a774434b42/config/production-user.yml&apos;
    throw new Error(`Failed to load config from ${configPath}: ${message}`);
[0m[31m          ^[0m
    at [0m[1m[3mloadCustomConfig[0m ([0m[36mfile:///Users/tettuan/github/breakdown/lib/cli/tests/0_architecture_custom_config_integration_test.ts[0m:[0m[33m99[0m:[0m[33m11[0m)
    at async [0m[36mfile:///Users/tettuan/github/breakdown/lib/cli/tests/0_architecture_custom_config_integration_test.ts[0m:[0m[33m185[0m:[0m[33m20[0m
    at async [0m[1m[3minnerWrapped[0m ([0m[36mext:cli/40_test.js[0m:[0m[33m191[0m:[0m[33m5[0m)
    at async [0m[1m[3mexitSanitizer[0m ([0m[36mext:cli/40_test.js[0m:[0m[33m107[0m:[0m[33m27[0m)
    at async [0m[1m[3mObject.outerWrapped [as fn][0m ([0m[36mext:cli/40_test.js[0m:[0m[33m134[0m:[0m[33m14[0m)
    at async [0m[1m[3mTestContext.step[0m ([0m[36mext:cli/40_test.js[0m:[0m[33m492[0m:[0m[33m22[0m)
    at async [0m[36mfile:///Users/tettuan/github/breakdown/lib/cli/tests/0_architecture_custom_config_integration_test.ts[0m:[0m[33m184[0m:[0m[33m3[0m</failure>
        </testcase>
        <testcase name="CustomConfig - BreakdownParams Integration &gt; should validate command validation rules" classname="./lib/cli/tests/0_architecture_custom_config_integration_test.ts" time="0.000" line="205" col="11">
            <failure message="Uncaught Error: Failed to load config from /private/var/folders/02/xg6n7xd16l7cq_xgh9_x9d300000gp/T/351211a774434b42/config/production-user.yml: No such file or directory (os error 2): readfile &apos;/private/var/folders/02/xg6n7xd16l7cq_xgh9_x9d300000gp/T/351211a774434b42/config/production-user.yml&apos;">Error: Failed to load config from /private/var/folders/02/xg6n7xd16l7cq_xgh9_x9d300000gp/T/351211a774434b42/config/production-user.yml: No such file or directory (os error 2): readfile &apos;/private/var/folders/02/xg6n7xd16l7cq_xgh9_x9d300000gp/T/351211a774434b42/config/production-user.yml&apos;
    throw new Error(`Failed to load config from ${configPath}: ${message}`);
[0m[31m          ^[0m
    at [0m[1m[3mloadCustomConfig[0m ([0m[36mfile:///Users/tettuan/github/breakdown/lib/cli/tests/0_architecture_custom_config_integration_test.ts[0m:[0m[33m99[0m:[0m[33m11[0m)
    at async [0m[36mfile:///Users/tettuan/github/breakdown/lib/cli/tests/0_architecture_custom_config_integration_test.ts[0m:[0m[33m206[0m:[0m[33m20[0m
    at async [0m[1m[3minnerWrapped[0m ([0m[36mext:cli/40_test.js[0m:[0m[33m191[0m:[0m[33m5[0m)
    at async [0m[1m[3mexitSanitizer[0m ([0m[36mext:cli/40_test.js[0m:[0m[33m107[0m:[0m[33m27[0m)
    at async [0m[1m[3mObject.outerWrapped [as fn][0m ([0m[36mext:cli/40_test.js[0m:[0m[33m134[0m:[0m[33m14[0m)
    at async [0m[1m[3mTestContext.step[0m ([0m[36mext:cli/40_test.js[0m:[0m[33m492[0m:[0m[33m22[0m)
    at async [0m[36mfile:///Users/tettuan/github/breakdown/lib/cli/tests/0_architecture_custom_config_integration_test.ts[0m:[0m[33m205[0m:[0m[33m3[0m</failure>
        </testcase>
        <testcase name="CustomConfig - BreakdownParams Integration &gt; should validate option definitions" classname="./lib/cli/tests/0_architecture_custom_config_integration_test.ts" time="0.000" line="225" col="11">
            <failure message="Uncaught Error: Failed to load config from /private/var/folders/02/xg6n7xd16l7cq_xgh9_x9d300000gp/T/351211a774434b42/config/production-user.yml: No such file or directory (os error 2): readfile &apos;/private/var/folders/02/xg6n7xd16l7cq_xgh9_x9d300000gp/T/351211a774434b42/config/production-user.yml&apos;">Error: Failed to load config from /private/var/folders/02/xg6n7xd16l7cq_xgh9_x9d300000gp/T/351211a774434b42/config/production-user.yml: No such file or directory (os error 2): readfile &apos;/private/var/folders/02/xg6n7xd16l7cq_xgh9_x9d300000gp/T/351211a774434b42/config/production-user.yml&apos;
    throw new Error(`Failed to load config from ${configPath}: ${message}`);
[0m[31m          ^[0m
    at [0m[1m[3mloadCustomConfig[0m ([0m[36mfile:///Users/tettuan/github/breakdown/lib/cli/tests/0_architecture_custom_config_integration_test.ts[0m:[0m[33m99[0m:[0m[33m11[0m)
    at async [0m[36mfile:///Users/tettuan/github/breakdown/lib/cli/tests/0_architecture_custom_config_integration_test.ts[0m:[0m[33m226[0m:[0m[33m20[0m
    at async [0m[1m[3minnerWrapped[0m ([0m[36mext:cli/40_test.js[0m:[0m[33m191[0m:[0m[33m5[0m)
    at async [0m[1m[3mexitSanitizer[0m ([0m[36mext:cli/40_test.js[0m:[0m[33m107[0m:[0m[33m27[0m)
    at async [0m[1m[3mObject.outerWrapped [as fn][0m ([0m[36mext:cli/40_test.js[0m:[0m[33m134[0m:[0m[33m14[0m)
    at async [0m[1m[3mTestContext.step[0m ([0m[36mext:cli/40_test.js[0m:[0m[33m492[0m:[0m[33m22[0m)
    at async [0m[36mfile:///Users/tettuan/github/breakdown/lib/cli/tests/0_architecture_custom_config_integration_test.ts[0m:[0m[33m225[0m:[0m[33m3[0m</failure>
        </testcase>
        <testcase name="CustomConfig - Find Command Integration &gt; should support find command with bugs parameter" classname="./lib/cli/tests/0_architecture_custom_config_integration_test.ts" time="0.000" line="248" col="11">
            <failure message="Uncaught Error: Failed to load config from /private/var/folders/02/xg6n7xd16l7cq_xgh9_x9d300000gp/T/351211a774434b42/config/production-user.yml: No such file or directory (os error 2): readfile &apos;/private/var/folders/02/xg6n7xd16l7cq_xgh9_x9d300000gp/T/351211a774434b42/config/production-user.yml&apos;">Error: Failed to load config from /private/var/folders/02/xg6n7xd16l7cq_xgh9_x9d300000gp/T/351211a774434b42/config/production-user.yml: No such file or directory (os error 2): readfile &apos;/private/var/folders/02/xg6n7xd16l7cq_xgh9_x9d300000gp/T/351211a774434b42/config/production-user.yml&apos;
    throw new Error(`Failed to load config from ${configPath}: ${message}`);
[0m[31m          ^[0m
    at [0m[1m[3mloadCustomConfig[0m ([0m[36mfile:///Users/tettuan/github/breakdown/lib/cli/tests/0_architecture_custom_config_integration_test.ts[0m:[0m[33m99[0m:[0m[33m11[0m)
    at async [0m[36mfile:///Users/tettuan/github/breakdown/lib/cli/tests/0_architecture_custom_config_integration_test.ts[0m:[0m[33m249[0m:[0m[33m20[0m
    at async [0m[1m[3minnerWrapped[0m ([0m[36mext:cli/40_test.js[0m:[0m[33m191[0m:[0m[33m5[0m)
    at async [0m[1m[3mexitSanitizer[0m ([0m[36mext:cli/40_test.js[0m:[0m[33m107[0m:[0m[33m27[0m)
    at async [0m[1m[3mObject.outerWrapped [as fn][0m ([0m[36mext:cli/40_test.js[0m:[0m[33m134[0m:[0m[33m14[0m)
    at async [0m[1m[3mTestContext.step[0m ([0m[36mext:cli/40_test.js[0m:[0m[33m492[0m:[0m[33m22[0m)
    at async [0m[36mfile:///Users/tettuan/github/breakdown/lib/cli/tests/0_architecture_custom_config_integration_test.ts[0m:[0m[33m248[0m:[0m[33m3[0m</failure>
        </testcase>
        <testcase name="CustomConfig - Find Command Integration &gt; should validate find-bugs end-to-end configuration" classname="./lib/cli/tests/0_architecture_custom_config_integration_test.ts" time="0.000" line="261" col="11">
            <failure message="Uncaught Error: Failed to load config from /private/var/folders/02/xg6n7xd16l7cq_xgh9_x9d300000gp/T/351211a774434b42/config/production-user.yml: No such file or directory (os error 2): readfile &apos;/private/var/folders/02/xg6n7xd16l7cq_xgh9_x9d300000gp/T/351211a774434b42/config/production-user.yml&apos;">Error: Failed to load config from /private/var/folders/02/xg6n7xd16l7cq_xgh9_x9d300000gp/T/351211a774434b42/config/production-user.yml: No such file or directory (os error 2): readfile &apos;/private/var/folders/02/xg6n7xd16l7cq_xgh9_x9d300000gp/T/351211a774434b42/config/production-user.yml&apos;
    throw new Error(`Failed to load config from ${configPath}: ${message}`);
[0m[31m          ^[0m
    at [0m[1m[3mloadCustomConfig[0m ([0m[36mfile:///Users/tettuan/github/breakdown/lib/cli/tests/0_architecture_custom_config_integration_test.ts[0m:[0m[33m99[0m:[0m[33m11[0m)
    at async [0m[36mfile:///Users/tettuan/github/breakdown/lib/cli/tests/0_architecture_custom_config_integration_test.ts[0m:[0m[33m262[0m:[0m[33m20[0m
    at async [0m[1m[3minnerWrapped[0m ([0m[36mext:cli/40_test.js[0m:[0m[33m191[0m:[0m[33m5[0m)
    at async [0m[1m[3mexitSanitizer[0m ([0m[36mext:cli/40_test.js[0m:[0m[33m107[0m:[0m[33m27[0m)
    at async [0m[1m[3mObject.outerWrapped [as fn][0m ([0m[36mext:cli/40_test.js[0m:[0m[33m134[0m:[0m[33m14[0m)
    at async [0m[1m[3mTestContext.step[0m ([0m[36mext:cli/40_test.js[0m:[0m[33m492[0m:[0m[33m22[0m)
    at async [0m[36mfile:///Users/tettuan/github/breakdown/lib/cli/tests/0_architecture_custom_config_integration_test.ts[0m:[0m[33m261[0m:[0m[33m3[0m</failure>
        </testcase>
        <testcase name="CustomConfig - Error Handling &gt; should handle missing config file gracefully" classname="./lib/cli/tests/0_architecture_custom_config_integration_test.ts" time="0.000" line="282" col="11">
        </testcase>
        <testcase name="CustomConfig - Error Handling &gt; should validate error handling configuration" classname="./lib/cli/tests/0_architecture_custom_config_integration_test.ts" time="0.000" line="292" col="11">
            <failure message="Uncaught Error: Failed to load config from /private/var/folders/02/xg6n7xd16l7cq_xgh9_x9d300000gp/T/351211a774434b42/config/production-user.yml: No such file or directory (os error 2): readfile &apos;/private/var/folders/02/xg6n7xd16l7cq_xgh9_x9d300000gp/T/351211a774434b42/config/production-user.yml&apos;">Error: Failed to load config from /private/var/folders/02/xg6n7xd16l7cq_xgh9_x9d300000gp/T/351211a774434b42/config/production-user.yml: No such file or directory (os error 2): readfile &apos;/private/var/folders/02/xg6n7xd16l7cq_xgh9_x9d300000gp/T/351211a774434b42/config/production-user.yml&apos;
    throw new Error(`Failed to load config from ${configPath}: ${message}`);
[0m[31m          ^[0m
    at [0m[1m[3mloadCustomConfig[0m ([0m[36mfile:///Users/tettuan/github/breakdown/lib/cli/tests/0_architecture_custom_config_integration_test.ts[0m:[0m[33m99[0m:[0m[33m11[0m)
    at async [0m[36mfile:///Users/tettuan/github/breakdown/lib/cli/tests/0_architecture_custom_config_integration_test.ts[0m:[0m[33m293[0m:[0m[33m20[0m
    at async [0m[1m[3minnerWrapped[0m ([0m[36mext:cli/40_test.js[0m:[0m[33m191[0m:[0m[33m5[0m)
    at async [0m[1m[3mexitSanitizer[0m ([0m[36mext:cli/40_test.js[0m:[0m[33m107[0m:[0m[33m27[0m)
    at async [0m[1m[3mObject.outerWrapped [as fn][0m ([0m[36mext:cli/40_test.js[0m:[0m[33m134[0m:[0m[33m14[0m)
    at async [0m[1m[3mTestContext.step[0m ([0m[36mext:cli/40_test.js[0m:[0m[33m492[0m:[0m[33m22[0m)
    at async [0m[36mfile:///Users/tettuan/github/breakdown/lib/cli/tests/0_architecture_custom_config_integration_test.ts[0m:[0m[33m292[0m:[0m[33m3[0m</failure>
        </testcase>
        <testcase name="CustomConfig - Performance and Validation &gt; should load configuration efficiently" classname="./lib/cli/tests/0_architecture_custom_config_integration_test.ts" time="0.001" line="308" col="11">
            <failure message="Uncaught Error: Failed to load config from /private/var/folders/02/xg6n7xd16l7cq_xgh9_x9d300000gp/T/351211a774434b42/config/production-user.yml: No such file or directory (os error 2): readfile &apos;/private/var/folders/02/xg6n7xd16l7cq_xgh9_x9d300000gp/T/351211a774434b42/config/production-user.yml&apos;">Error: Failed to load config from /private/var/folders/02/xg6n7xd16l7cq_xgh9_x9d300000gp/T/351211a774434b42/config/production-user.yml: No such file or directory (os error 2): readfile &apos;/private/var/folders/02/xg6n7xd16l7cq_xgh9_x9d300000gp/T/351211a774434b42/config/production-user.yml&apos;
    throw new Error(`Failed to load config from ${configPath}: ${message}`);
[0m[31m          ^[0m
    at [0m[1m[3mloadCustomConfig[0m ([0m[36mfile:///Users/tettuan/github/breakdown/lib/cli/tests/0_architecture_custom_config_integration_test.ts[0m:[0m[33m99[0m:[0m[33m11[0m)
    at async [0m[36mfile:///Users/tettuan/github/breakdown/lib/cli/tests/0_architecture_custom_config_integration_test.ts[0m:[0m[33m310[0m:[0m[33m20[0m
    at async [0m[1m[3minnerWrapped[0m ([0m[36mext:cli/40_test.js[0m:[0m[33m191[0m:[0m[33m5[0m)
    at async [0m[1m[3mexitSanitizer[0m ([0m[36mext:cli/40_test.js[0m:[0m[33m107[0m:[0m[33m27[0m)
    at async [0m[1m[3mObject.outerWrapped [as fn][0m ([0m[36mext:cli/40_test.js[0m:[0m[33m134[0m:[0m[33m14[0m)
    at async [0m[1m[3mTestContext.step[0m ([0m[36mext:cli/40_test.js[0m:[0m[33m492[0m:[0m[33m22[0m)
    at async [0m[36mfile:///Users/tettuan/github/breakdown/lib/cli/tests/0_architecture_custom_config_integration_test.ts[0m:[0m[33m308[0m:[0m[33m3[0m</failure>
        </testcase>
        <testcase name="CustomConfig - Performance and Validation &gt; should validate all required fields exist" classname="./lib/cli/tests/0_architecture_custom_config_integration_test.ts" time="0.001" line="319" col="11">
            <failure message="Uncaught Error: Failed to load config from /private/var/folders/02/xg6n7xd16l7cq_xgh9_x9d300000gp/T/351211a774434b42/config/production-user.yml: No such file or directory (os error 2): readfile &apos;/private/var/folders/02/xg6n7xd16l7cq_xgh9_x9d300000gp/T/351211a774434b42/config/production-user.yml&apos;">Error: Failed to load config from /private/var/folders/02/xg6n7xd16l7cq_xgh9_x9d300000gp/T/351211a774434b42/config/production-user.yml: No such file or directory (os error 2): readfile &apos;/private/var/folders/02/xg6n7xd16l7cq_xgh9_x9d300000gp/T/351211a774434b42/config/production-user.yml&apos;
    throw new Error(`Failed to load config from ${configPath}: ${message}`);
[0m[31m          ^[0m
    at [0m[1m[3mloadCustomConfig[0m ([0m[36mfile:///Users/tettuan/github/breakdown/lib/cli/tests/0_architecture_custom_config_integration_test.ts[0m:[0m[33m99[0m:[0m[33m11[0m)
    at async [0m[36mfile:///Users/tettuan/github/breakdown/lib/cli/tests/0_architecture_custom_config_integration_test.ts[0m:[0m[33m320[0m:[0m[33m20[0m
    at async [0m[1m[3minnerWrapped[0m ([0m[36mext:cli/40_test.js[0m:[0m[33m191[0m:[0m[33m5[0m)
    at async [0m[1m[3mexitSanitizer[0m ([0m[36mext:cli/40_test.js[0m:[0m[33m107[0m:[0m[33m27[0m)
    at async [0m[1m[3mObject.outerWrapped [as fn][0m ([0m[36mext:cli/40_test.js[0m:[0m[33m134[0m:[0m[33m14[0m)
    at async [0m[1m[3mTestContext.step[0m ([0m[36mext:cli/40_test.js[0m:[0m[33m492[0m:[0m[33m22[0m)
    at async [0m[36mfile:///Users/tettuan/github/breakdown/lib/cli/tests/0_architecture_custom_config_integration_test.ts[0m:[0m[33m319[0m:[0m[33m3[0m</failure>
        </testcase>
    </testsuite>
    <testsuite name="./lib/cli/tests/1_structure_breakdown_config_custom_test.ts" tests="10" disabled="0" errors="0" failures="9">
        <testcase name="BreakdownConfig - CustomConfig Integration" classname="./lib/cli/tests/1_structure_breakdown_config_custom_test.ts" time="0.005" line="59" col="6">
            <failure message="3 test steps failed">3 test steps failed.</failure>
        </testcase>
        <testcase name="BreakdownConfig - Integration with BreakdownConfig class" classname="./lib/cli/tests/1_structure_breakdown_config_custom_test.ts" time="0.003" line="151" col="6">
            <failure message="1 test step failed">1 test step failed.</failure>
        </testcase>
        <testcase name="BreakdownConfig - Custom Config Validation" classname="./lib/cli/tests/1_structure_breakdown_config_custom_test.ts" time="0.002" line="191" col="6">
            <failure message="2 test steps failed">2 test steps failed.</failure>
        </testcase>
        <testcase name="BreakdownConfig - CustomConfig Integration &gt; should load production-user.yml with basic loadConfig utility" classname="./lib/cli/tests/1_structure_breakdown_config_custom_test.ts" time="0.000" line="62" col="11">
            <failure message="Uncaught Error: Failed to load config from /private/var/folders/02/xg6n7xd16l7cq_xgh9_x9d300000gp/T/351211a774434b42/config/production-user.yml: No such file or directory (os error 2): readfile &apos;/private/var/folders/02/xg6n7xd16l7cq_xgh9_x9d300000gp/T/351211a774434b42/config/production-user.yml&apos;">Error: Failed to load config from /private/var/folders/02/xg6n7xd16l7cq_xgh9_x9d300000gp/T/351211a774434b42/config/production-user.yml: No such file or directory (os error 2): readfile &apos;/private/var/folders/02/xg6n7xd16l7cq_xgh9_x9d300000gp/T/351211a774434b42/config/production-user.yml&apos;
    throw new Error(`Failed to load config from ${configPath}: ${message}`);
[0m[31m          ^[0m
    at [0m[1m[3mloadConfig[0m ([0m[36mfile:///Users/tettuan/github/breakdown/lib/cli/tests/1_structure_breakdown_config_custom_test.ts[0m:[0m[33m55[0m:[0m[33m11[0m)
    at async [0m[36mfile:///Users/tettuan/github/breakdown/lib/cli/tests/1_structure_breakdown_config_custom_test.ts[0m:[0m[33m63[0m:[0m[33m20[0m
    at async [0m[1m[3minnerWrapped[0m ([0m[36mext:cli/40_test.js[0m:[0m[33m191[0m:[0m[33m5[0m)
    at async [0m[1m[3mexitSanitizer[0m ([0m[36mext:cli/40_test.js[0m:[0m[33m107[0m:[0m[33m27[0m)
    at async [0m[1m[3mObject.outerWrapped [as fn][0m ([0m[36mext:cli/40_test.js[0m:[0m[33m134[0m:[0m[33m14[0m)
    at async [0m[1m[3mTestContext.step[0m ([0m[36mext:cli/40_test.js[0m:[0m[33m492[0m:[0m[33m22[0m)
    at async [0m[36mfile:///Users/tettuan/github/breakdown/lib/cli/tests/1_structure_breakdown_config_custom_test.ts[0m:[0m[33m62[0m:[0m[33m3[0m</failure>
        </testcase>
        <testcase name="BreakdownConfig - CustomConfig Integration &gt; should contain BreakdownParams customConfig structure" classname="./lib/cli/tests/1_structure_breakdown_config_custom_test.ts" time="0.000" line="90" col="11">
            <failure message="Uncaught Error: Failed to load config from /private/var/folders/02/xg6n7xd16l7cq_xgh9_x9d300000gp/T/351211a774434b42/config/production-user.yml: No such file or directory (os error 2): readfile &apos;/private/var/folders/02/xg6n7xd16l7cq_xgh9_x9d300000gp/T/351211a774434b42/config/production-user.yml&apos;">Error: Failed to load config from /private/var/folders/02/xg6n7xd16l7cq_xgh9_x9d300000gp/T/351211a774434b42/config/production-user.yml: No such file or directory (os error 2): readfile &apos;/private/var/folders/02/xg6n7xd16l7cq_xgh9_x9d300000gp/T/351211a774434b42/config/production-user.yml&apos;
    throw new Error(`Failed to load config from ${configPath}: ${message}`);
[0m[31m          ^[0m
    at [0m[1m[3mloadConfig[0m ([0m[36mfile:///Users/tettuan/github/breakdown/lib/cli/tests/1_structure_breakdown_config_custom_test.ts[0m:[0m[33m55[0m:[0m[33m11[0m)
    at async [0m[36mfile:///Users/tettuan/github/breakdown/lib/cli/tests/1_structure_breakdown_config_custom_test.ts[0m:[0m[33m91[0m:[0m[33m20[0m
    at async [0m[1m[3minnerWrapped[0m ([0m[36mext:cli/40_test.js[0m:[0m[33m191[0m:[0m[33m5[0m)
    at async [0m[1m[3mexitSanitizer[0m ([0m[36mext:cli/40_test.js[0m:[0m[33m107[0m:[0m[33m27[0m)
    at async [0m[1m[3mObject.outerWrapped [as fn][0m ([0m[36mext:cli/40_test.js[0m:[0m[33m134[0m:[0m[33m14[0m)
    at async [0m[1m[3mTestContext.step[0m ([0m[36mext:cli/40_test.js[0m:[0m[33m492[0m:[0m[33m22[0m)
    at async [0m[36mfile:///Users/tettuan/github/breakdown/lib/cli/tests/1_structure_breakdown_config_custom_test.ts[0m:[0m[33m90[0m:[0m[33m3[0m</failure>
        </testcase>
        <testcase name="BreakdownConfig - CustomConfig Integration &gt; should validate production-user.yml structure matches expected format" classname="./lib/cli/tests/1_structure_breakdown_config_custom_test.ts" time="0.000" line="128" col="11">
            <failure message="Uncaught Error: Failed to load config from /private/var/folders/02/xg6n7xd16l7cq_xgh9_x9d300000gp/T/351211a774434b42/config/production-user.yml: No such file or directory (os error 2): readfile &apos;/private/var/folders/02/xg6n7xd16l7cq_xgh9_x9d300000gp/T/351211a774434b42/config/production-user.yml&apos;">Error: Failed to load config from /private/var/folders/02/xg6n7xd16l7cq_xgh9_x9d300000gp/T/351211a774434b42/config/production-user.yml: No such file or directory (os error 2): readfile &apos;/private/var/folders/02/xg6n7xd16l7cq_xgh9_x9d300000gp/T/351211a774434b42/config/production-user.yml&apos;
    throw new Error(`Failed to load config from ${configPath}: ${message}`);
[0m[31m          ^[0m
    at [0m[1m[3mloadConfig[0m ([0m[36mfile:///Users/tettuan/github/breakdown/lib/cli/tests/1_structure_breakdown_config_custom_test.ts[0m:[0m[33m55[0m:[0m[33m11[0m)
    at async [0m[36mfile:///Users/tettuan/github/breakdown/lib/cli/tests/1_structure_breakdown_config_custom_test.ts[0m:[0m[33m131[0m:[0m[33m22[0m
    at async [0m[1m[3minnerWrapped[0m ([0m[36mext:cli/40_test.js[0m:[0m[33m191[0m:[0m[33m5[0m)
    at async [0m[1m[3mexitSanitizer[0m ([0m[36mext:cli/40_test.js[0m:[0m[33m107[0m:[0m[33m27[0m)
    at async [0m[1m[3mObject.outerWrapped [as fn][0m ([0m[36mext:cli/40_test.js[0m:[0m[33m134[0m:[0m[33m14[0m)
    at async [0m[1m[3mTestContext.step[0m ([0m[36mext:cli/40_test.js[0m:[0m[33m492[0m:[0m[33m22[0m)
    at async [0m[36mfile:///Users/tettuan/github/breakdown/lib/cli/tests/1_structure_breakdown_config_custom_test.ts[0m:[0m[33m128[0m:[0m[33m3[0m</failure>
        </testcase>
        <testcase name="BreakdownConfig - Integration with BreakdownConfig class &gt; should handle BreakdownConfig initialization gracefully" classname="./lib/cli/tests/1_structure_breakdown_config_custom_test.ts" time="0.001" line="152" col="11">
        </testcase>
        <testcase name="BreakdownConfig - Integration with BreakdownConfig class &gt; should document BreakdownConfig integration requirements" classname="./lib/cli/tests/1_structure_breakdown_config_custom_test.ts" time="0.001" line="171" col="11">
            <failure message="Uncaught AssertionError: Values are not equal.


    [90m[1m[Diff][22m[39m [31m[1mActual[22m[39m / [32m[1mExpected[22m[39m


[31m[1m-   false[22m[39m
[32m[1m+   true[22m[39m
">AssertionError: Values are not equal.


    [90m[1m[Diff][22m[39m [31m[1mActual[22m[39m / [32m[1mExpected[22m[39m


[31m[1m-   false[22m[39m
[32m[1m+   true[22m[39m

  throw new AssertionError(message);
[0m[31m        ^[0m
    at [0m[1m[3massertEquals[0m ([0m[36mhttps://jsr.io/@std/assert/0.224.0/assert_equals.ts[0m:[0m[33m52[0m:[0m[33m9[0m)
    at [0m[36mfile:///Users/tettuan/github/breakdown/lib/cli/tests/1_structure_breakdown_config_custom_test.ts[0m:[0m[33m186[0m:[0m[33m5[0m
    at [0m[1m[3meventLoopTick[0m ([0m[36mext:core/01_core.js[0m:[0m[33m177[0m:[0m[33m7[0m)
    at async [0m[1m[3minnerWrapped[0m ([0m[36mext:cli/40_test.js[0m:[0m[33m191[0m:[0m[33m5[0m)
    at async [0m[1m[3mexitSanitizer[0m ([0m[36mext:cli/40_test.js[0m:[0m[33m107[0m:[0m[33m27[0m)
    at async [0m[1m[3mObject.outerWrapped [as fn][0m ([0m[36mext:cli/40_test.js[0m:[0m[33m134[0m:[0m[33m14[0m)
    at async [0m[1m[3mTestContext.step[0m ([0m[36mext:cli/40_test.js[0m:[0m[33m492[0m:[0m[33m22[0m)
    at async [0m[36mfile:///Users/tettuan/github/breakdown/lib/cli/tests/1_structure_breakdown_config_custom_test.ts[0m:[0m[33m171[0m:[0m[33m3[0m</failure>
        </testcase>
        <testcase name="BreakdownConfig - Custom Config Validation &gt; should validate customConfig findBugs configuration structure" classname="./lib/cli/tests/1_structure_breakdown_config_custom_test.ts" time="0.001" line="192" col="11">
            <failure message="Uncaught Error: Failed to load config from /private/var/folders/02/xg6n7xd16l7cq_xgh9_x9d300000gp/T/351211a774434b42/config/production-user.yml: No such file or directory (os error 2): readfile &apos;/private/var/folders/02/xg6n7xd16l7cq_xgh9_x9d300000gp/T/351211a774434b42/config/production-user.yml&apos;">Error: Failed to load config from /private/var/folders/02/xg6n7xd16l7cq_xgh9_x9d300000gp/T/351211a774434b42/config/production-user.yml: No such file or directory (os error 2): readfile &apos;/private/var/folders/02/xg6n7xd16l7cq_xgh9_x9d300000gp/T/351211a774434b42/config/production-user.yml&apos;
    throw new Error(`Failed to load config from ${configPath}: ${message}`);
[0m[31m          ^[0m
    at [0m[1m[3mloadConfig[0m ([0m[36mfile:///Users/tettuan/github/breakdown/lib/cli/tests/1_structure_breakdown_config_custom_test.ts[0m:[0m[33m55[0m:[0m[33m11[0m)
    at async [0m[36mfile:///Users/tettuan/github/breakdown/lib/cli/tests/1_structure_breakdown_config_custom_test.ts[0m:[0m[33m193[0m:[0m[33m20[0m
    at async [0m[1m[3minnerWrapped[0m ([0m[36mext:cli/40_test.js[0m:[0m[33m191[0m:[0m[33m5[0m)
    at async [0m[1m[3mexitSanitizer[0m ([0m[36mext:cli/40_test.js[0m:[0m[33m107[0m:[0m[33m27[0m)
    at async [0m[1m[3mObject.outerWrapped [as fn][0m ([0m[36mext:cli/40_test.js[0m:[0m[33m134[0m:[0m[33m14[0m)
    at async [0m[1m[3mTestContext.step[0m ([0m[36mext:cli/40_test.js[0m:[0m[33m492[0m:[0m[33m22[0m)
    at async [0m[36mfile:///Users/tettuan/github/breakdown/lib/cli/tests/1_structure_breakdown_config_custom_test.ts[0m:[0m[33m192[0m:[0m[33m3[0m</failure>
        </testcase>
        <testcase name="BreakdownConfig - Custom Config Validation &gt; should validate BreakdownParams customConfig validation rules" classname="./lib/cli/tests/1_structure_breakdown_config_custom_test.ts" time="0.000" line="216" col="11">
            <failure message="Uncaught Error: Failed to load config from /private/var/folders/02/xg6n7xd16l7cq_xgh9_x9d300000gp/T/351211a774434b42/config/production-user.yml: No such file or directory (os error 2): readfile &apos;/private/var/folders/02/xg6n7xd16l7cq_xgh9_x9d300000gp/T/351211a774434b42/config/production-user.yml&apos;">Error: Failed to load config from /private/var/folders/02/xg6n7xd16l7cq_xgh9_x9d300000gp/T/351211a774434b42/config/production-user.yml: No such file or directory (os error 2): readfile &apos;/private/var/folders/02/xg6n7xd16l7cq_xgh9_x9d300000gp/T/351211a774434b42/config/production-user.yml&apos;
    throw new Error(`Failed to load config from ${configPath}: ${message}`);
[0m[31m          ^[0m
    at [0m[1m[3mloadConfig[0m ([0m[36mfile:///Users/tettuan/github/breakdown/lib/cli/tests/1_structure_breakdown_config_custom_test.ts[0m:[0m[33m55[0m:[0m[33m11[0m)
    at async [0m[36mfile:///Users/tettuan/github/breakdown/lib/cli/tests/1_structure_breakdown_config_custom_test.ts[0m:[0m[33m217[0m:[0m[33m20[0m
    at async [0m[1m[3minnerWrapped[0m ([0m[36mext:cli/40_test.js[0m:[0m[33m191[0m:[0m[33m5[0m)
    at async [0m[1m[3mexitSanitizer[0m ([0m[36mext:cli/40_test.js[0m:[0m[33m107[0m:[0m[33m27[0m)
    at async [0m[1m[3mObject.outerWrapped [as fn][0m ([0m[36mext:cli/40_test.js[0m:[0m[33m134[0m:[0m[33m14[0m)
    at async [0m[1m[3mTestContext.step[0m ([0m[36mext:cli/40_test.js[0m:[0m[33m492[0m:[0m[33m22[0m)
    at async [0m[36mfile:///Users/tettuan/github/breakdown/lib/cli/tests/1_structure_breakdown_config_custom_test.ts[0m:[0m[33m216[0m:[0m[33m3[0m</failure>
        </testcase>
    </testsuite>
    <testsuite name="./lib/cli/tests/2_unit_config_prefix_detector_test.ts" tests="35" disabled="0" errors="0" failures="0">
        <testcase name="ConfigPrefixDetector - Basic Space-Separated Format" classname="./lib/cli/tests/2_unit_config_prefix_detector_test.ts" time="0.002" line="14" col="6">
        </testcase>
        <testcase name="ConfigPrefixDetector - Basic Equals Format" classname="./lib/cli/tests/2_unit_config_prefix_detector_test.ts" time="0.002" line="36" col="6">
        </testcase>
        <testcase name="ConfigPrefixDetector - hasConfig Method" classname="./lib/cli/tests/2_unit_config_prefix_detector_test.ts" time="0.001" line="58" col="6">
        </testcase>
        <testcase name="ConfigPrefixDetector - getConfigIndex Method" classname="./lib/cli/tests/2_unit_config_prefix_detector_test.ts" time="0.001" line="80" col="6">
        </testcase>
        <testcase name="ConfigPrefixDetector - Edge Cases" classname="./lib/cli/tests/2_unit_config_prefix_detector_test.ts" time="0.002" line="103" col="6">
        </testcase>
        <testcase name="ConfigPrefixDetector - Integration Scenarios" classname="./lib/cli/tests/2_unit_config_prefix_detector_test.ts" time="0.001" line="126" col="6">
        </testcase>
        <testcase name="ConfigPrefixDetector - Special Characters and Unicode" classname="./lib/cli/tests/2_unit_config_prefix_detector_test.ts" time="0.001" line="168" col="6">
        </testcase>
        <testcase name="ConfigPrefixDetector - Basic Space-Separated Format &gt; detects --config with space separator" classname="./lib/cli/tests/2_unit_config_prefix_detector_test.ts" time="0.000" line="15" col="11">
        </testcase>
        <testcase name="ConfigPrefixDetector - Basic Space-Separated Format &gt; detects -c with space separator" classname="./lib/cli/tests/2_unit_config_prefix_detector_test.ts" time="0.000" line="20" col="11">
        </testcase>
        <testcase name="ConfigPrefixDetector - Basic Space-Separated Format &gt; returns undefined when no config option" classname="./lib/cli/tests/2_unit_config_prefix_detector_test.ts" time="0.000" line="25" col="11">
        </testcase>
        <testcase name="ConfigPrefixDetector - Basic Space-Separated Format &gt; returns undefined when config has no value" classname="./lib/cli/tests/2_unit_config_prefix_detector_test.ts" time="0.000" line="30" col="11">
        </testcase>
        <testcase name="ConfigPrefixDetector - Basic Equals Format &gt; detects --config=value format" classname="./lib/cli/tests/2_unit_config_prefix_detector_test.ts" time="0.000" line="37" col="11">
        </testcase>
        <testcase name="ConfigPrefixDetector - Basic Equals Format &gt; detects -c=value format" classname="./lib/cli/tests/2_unit_config_prefix_detector_test.ts" time="0.000" line="42" col="11">
        </testcase>
        <testcase name="ConfigPrefixDetector - Basic Equals Format &gt; handles empty value with equals" classname="./lib/cli/tests/2_unit_config_prefix_detector_test.ts" time="0.000" line="47" col="11">
        </testcase>
        <testcase name="ConfigPrefixDetector - Basic Equals Format &gt; handles complex values with equals" classname="./lib/cli/tests/2_unit_config_prefix_detector_test.ts" time="0.000" line="52" col="11">
        </testcase>
        <testcase name="ConfigPrefixDetector - hasConfig Method &gt; returns true when --config exists" classname="./lib/cli/tests/2_unit_config_prefix_detector_test.ts" time="0.001" line="59" col="11">
        </testcase>
        <testcase name="ConfigPrefixDetector - hasConfig Method &gt; returns true when -c exists" classname="./lib/cli/tests/2_unit_config_prefix_detector_test.ts" time="0.000" line="64" col="11">
        </testcase>
        <testcase name="ConfigPrefixDetector - hasConfig Method &gt; returns false when no config option" classname="./lib/cli/tests/2_unit_config_prefix_detector_test.ts" time="0.000" line="69" col="11">
        </testcase>
        <testcase name="ConfigPrefixDetector - hasConfig Method &gt; returns true even without value" classname="./lib/cli/tests/2_unit_config_prefix_detector_test.ts" time="0.000" line="74" col="11">
        </testcase>
        <testcase name="ConfigPrefixDetector - getConfigIndex Method &gt; returns index of --config option" classname="./lib/cli/tests/2_unit_config_prefix_detector_test.ts" time="0.000" line="81" col="11">
        </testcase>
        <testcase name="ConfigPrefixDetector - getConfigIndex Method &gt; returns index of -c option" classname="./lib/cli/tests/2_unit_config_prefix_detector_test.ts" time="0.000" line="86" col="11">
        </testcase>
        <testcase name="ConfigPrefixDetector - getConfigIndex Method &gt; returns -1 when no config option" classname="./lib/cli/tests/2_unit_config_prefix_detector_test.ts" time="0.000" line="91" col="11">
        </testcase>
        <testcase name="ConfigPrefixDetector - getConfigIndex Method &gt; returns first occurrence when multiple configs" classname="./lib/cli/tests/2_unit_config_prefix_detector_test.ts" time="0.000" line="96" col="11">
        </testcase>
        <testcase name="ConfigPrefixDetector - Edge Cases &gt; handles config at end of arguments" classname="./lib/cli/tests/2_unit_config_prefix_detector_test.ts" time="0.000" line="104" col="11">
        </testcase>
        <testcase name="ConfigPrefixDetector - Edge Cases &gt; ignores option-like values" classname="./lib/cli/tests/2_unit_config_prefix_detector_test.ts" time="0.000" line="110" col="11">
        </testcase>
        <testcase name="ConfigPrefixDetector - Edge Cases &gt; handles multiple equals signs" classname="./lib/cli/tests/2_unit_config_prefix_detector_test.ts" time="0.000" line="115" col="11">
        </testcase>
        <testcase name="ConfigPrefixDetector - Edge Cases &gt; handles paths as values" classname="./lib/cli/tests/2_unit_config_prefix_detector_test.ts" time="0.001" line="120" col="11">
        </testcase>
        <testcase name="ConfigPrefixDetector - Integration Scenarios &gt; works with find bugs command" classname="./lib/cli/tests/2_unit_config_prefix_detector_test.ts" time="0.000" line="127" col="11">
        </testcase>
        <testcase name="ConfigPrefixDetector - Integration Scenarios &gt; works with mixed options" classname="./lib/cli/tests/2_unit_config_prefix_detector_test.ts" time="0.000" line="136" col="11">
        </testcase>
        <testcase name="ConfigPrefixDetector - Integration Scenarios &gt; prioritizes first config option" classname="./lib/cli/tests/2_unit_config_prefix_detector_test.ts" time="0.000" line="145" col="11">
        </testcase>
        <testcase name="ConfigPrefixDetector - Integration Scenarios &gt; handles complex real-world scenario" classname="./lib/cli/tests/2_unit_config_prefix_detector_test.ts" time="0.000" line="153" col="11">
        </testcase>
        <testcase name="ConfigPrefixDetector - Special Characters and Unicode &gt; handles special characters in prefix" classname="./lib/cli/tests/2_unit_config_prefix_detector_test.ts" time="0.001" line="169" col="11">
        </testcase>
        <testcase name="ConfigPrefixDetector - Special Characters and Unicode &gt; handles unicode characters" classname="./lib/cli/tests/2_unit_config_prefix_detector_test.ts" time="0.000" line="174" col="11">
        </testcase>
        <testcase name="ConfigPrefixDetector - Special Characters and Unicode &gt; handles whitespace in values" classname="./lib/cli/tests/2_unit_config_prefix_detector_test.ts" time="0.000" line="179" col="11">
        </testcase>
        <testcase name="ConfigPrefixDetector - Special Characters and Unicode &gt; handles empty array" classname="./lib/cli/tests/2_unit_config_prefix_detector_test.ts" time="0.000" line="184" col="11">
        </testcase>
    </testsuite>
    <testsuite name="./lib/cli/tests/2_unit_args_validator_test.ts" tests="11" disabled="0" errors="0" failures="0">
        <testcase name="NoParams: help flag" classname="./lib/cli/tests/2_unit_args_validator_test.ts" time="0.001" line="16" col="6">
        </testcase>
        <testcase name="NoParams: error on invalid usage" classname="./lib/cli/tests/2_unit_args_validator_test.ts" time="0.000" line="23" col="6">
        </testcase>
        <testcase name="Single: init command" classname="./lib/cli/tests/2_unit_args_validator_test.ts" time="0.000" line="37" col="6">
        </testcase>
        <testcase name="Single: error on invalid single command" classname="./lib/cli/tests/2_unit_args_validator_test.ts" time="0.000" line="45" col="6">
        </testcase>
        <testcase name="Double: --from and --destination" classname="./lib/cli/tests/2_unit_args_validator_test.ts" time="0.002" line="56" col="6">
        </testcase>
        <testcase name="Double: only --input, no stdin" classname="./lib/cli/tests/2_unit_args_validator_test.ts" time="0.000" line="72" col="6">
        </testcase>
        <testcase name="Double: only stdin" classname="./lib/cli/tests/2_unit_args_validator_test.ts" time="0.000" line="86" col="6">
        </testcase>
        <testcase name="Double: error on both --from and --input" classname="./lib/cli/tests/2_unit_args_validator_test.ts" time="0.000" line="104" col="6">
        </testcase>
        <testcase name="Double: error on missing --from, --input, and stdin" classname="./lib/cli/tests/2_unit_args_validator_test.ts" time="0.000" line="118" col="6">
        </testcase>
        <testcase name="Double: error on --from without --destination" classname="./lib/cli/tests/2_unit_args_validator_test.ts" time="0.000" line="132" col="6">
        </testcase>
        <testcase name="Double: error on invalid --input type" classname="./lib/cli/tests/2_unit_args_validator_test.ts" time="0.000" line="149" col="6">
        </testcase>
    </testsuite>
    <testsuite name="./lib/cli/tests/2_unit_args_test.ts" tests="13" disabled="0" errors="0" failures="4">
        <testcase name="CLI High-Level Arguments" classname="./lib/cli/tests/2_unit_args_test.ts" time="1.596" line="28" col="6">
            <failure message="3 test steps failed">3 test steps failed.</failure>
        </testcase>
        <testcase name="CLI error handling - source options with input" classname="./lib/cli/tests/2_unit_args_test.ts" time="0.099" line="296" col="6">
        </testcase>
        <testcase name="CLI High-Level Arguments &gt; setup" classname="./lib/cli/tests/2_unit_args_test.ts" time="0.007" line="30" col="11">
        </testcase>
        <testcase name="CLI High-Level Arguments &gt; multiple options" classname="./lib/cli/tests/2_unit_args_test.ts" time="0.182" line="72" col="11">
        </testcase>
        <testcase name="CLI High-Level Arguments &gt; source options with input" classname="./lib/cli/tests/2_unit_args_test.ts" time="0.176" line="96" col="11">
        </testcase>
        <testcase name="CLI High-Level Arguments &gt; conflicting options" classname="./lib/cli/tests/2_unit_args_test.ts" time="0.141" line="118" col="11">
        </testcase>
        <testcase name="CLI High-Level Arguments &gt; invalid input type" classname="./lib/cli/tests/2_unit_args_test.ts" time="0.135" line="139" col="11">
        </testcase>
        <testcase name="CLI High-Level Arguments &gt; duplicate options" classname="./lib/cli/tests/2_unit_args_test.ts" time="0.297" line="158" col="11">
            <failure message="Uncaught AssertionError: Command error does not contain expected: Invalid input parameters
Actual error: No such file or directory (os error 2)">AssertionError: Command error does not contain expected: Invalid input parameters
Actual error: No such file or directory (os error 2)
    throw new AssertionError(msg);
[0m[31m          ^[0m
    at [0m[1m[3massert[0m ([0m[36mhttps://jsr.io/@std/assert/0.224.0/assert.ts[0m:[0m[33m18[0m:[0m[33m11[0m)
    at [0m[1m[3massertCommandOutput[0m ([0m[36mfile:///Users/tettuan/github/breakdown/tests/helpers/assertions.ts[0m:[0m[33m119[0m:[0m[33m5[0m)
    at [0m[36mfile:///Users/tettuan/github/breakdown/lib/cli/tests/2_unit_args_test.ts[0m:[0m[33m176[0m:[0m[33m5[0m
    at [0m[1m[3meventLoopTick[0m ([0m[36mext:core/01_core.js[0m:[0m[33m177[0m:[0m[33m7[0m)
    at async [0m[1m[3minnerWrapped[0m ([0m[36mext:cli/40_test.js[0m:[0m[33m191[0m:[0m[33m5[0m)
    at async [0m[1m[3mexitSanitizer[0m ([0m[36mext:cli/40_test.js[0m:[0m[33m107[0m:[0m[33m27[0m)
    at async [0m[1m[3mObject.outerWrapped [as fn][0m ([0m[36mext:cli/40_test.js[0m:[0m[33m134[0m:[0m[33m14[0m)
    at async [0m[1m[3mTestContext.step[0m ([0m[36mext:cli/40_test.js[0m:[0m[33m492[0m:[0m[33m22[0m)
    at async [0m[36mfile:///Users/tettuan/github/breakdown/lib/cli/tests/2_unit_args_test.ts[0m:[0m[33m158[0m:[0m[33m3[0m</failure>
        </testcase>
        <testcase name="CLI High-Level Arguments &gt; short form options" classname="./lib/cli/tests/2_unit_args_test.ts" time="0.138" line="181" col="11">
            <failure message="Uncaught AssertionError: Command error does not contain expected: Failed to read input file
Actual error: No input provided via stdin or -f/--from option">AssertionError: Command error does not contain expected: Failed to read input file
Actual error: No input provided via stdin or -f/--from option
    throw new AssertionError(msg);
[0m[31m          ^[0m
    at [0m[1m[3massert[0m ([0m[36mhttps://jsr.io/@std/assert/0.224.0/assert.ts[0m:[0m[33m18[0m:[0m[33m11[0m)
    at [0m[1m[3massertCommandOutput[0m ([0m[36mfile:///Users/tettuan/github/breakdown/tests/helpers/assertions.ts[0m:[0m[33m119[0m:[0m[33m5[0m)
    at [0m[36mfile:///Users/tettuan/github/breakdown/lib/cli/tests/2_unit_args_test.ts[0m:[0m[33m199[0m:[0m[33m5[0m
    at [0m[1m[3meventLoopTick[0m ([0m[36mext:core/01_core.js[0m:[0m[33m177[0m:[0m[33m7[0m)
    at async [0m[1m[3minnerWrapped[0m ([0m[36mext:cli/40_test.js[0m:[0m[33m191[0m:[0m[33m5[0m)
    at async [0m[1m[3mexitSanitizer[0m ([0m[36mext:cli/40_test.js[0m:[0m[33m107[0m:[0m[33m27[0m)
    at async [0m[1m[3mObject.outerWrapped [as fn][0m ([0m[36mext:cli/40_test.js[0m:[0m[33m134[0m:[0m[33m14[0m)
    at async [0m[1m[3mTestContext.step[0m ([0m[36mext:cli/40_test.js[0m:[0m[33m492[0m:[0m[33m22[0m)
    at async [0m[36mfile:///Users/tettuan/github/breakdown/lib/cli/tests/2_unit_args_test.ts[0m:[0m[33m181[0m:[0m[33m3[0m</failure>
        </testcase>
        <testcase name="CLI High-Level Arguments &gt; relative path input" classname="./lib/cli/tests/2_unit_args_test.ts" time="0.152" line="205" col="11">
        </testcase>
        <testcase name="CLI High-Level Arguments &gt; absolute path input" classname="./lib/cli/tests/2_unit_args_test.ts" time="0.159" line="225" col="11">
        </testcase>
        <testcase name="CLI High-Level Arguments &gt; mixed path input/output" classname="./lib/cli/tests/2_unit_args_test.ts" time="0.127" line="246" col="11">
            <failure message="Uncaught AssertionError: Command error does not contain expected: Failed to read input file
Actual error: No such file or directory (os error 2)">AssertionError: Command error does not contain expected: Failed to read input file
Actual error: No such file or directory (os error 2)
    throw new AssertionError(msg);
[0m[31m          ^[0m
    at [0m[1m[3massert[0m ([0m[36mhttps://jsr.io/@std/assert/0.224.0/assert.ts[0m:[0m[33m18[0m:[0m[33m11[0m)
    at [0m[1m[3massertCommandOutput[0m ([0m[36mfile:///Users/tettuan/github/breakdown/tests/helpers/assertions.ts[0m:[0m[33m119[0m:[0m[33m5[0m)
    at [0m[36mfile:///Users/tettuan/github/breakdown/lib/cli/tests/2_unit_args_test.ts[0m:[0m[33m267[0m:[0m[33m5[0m
    at [0m[1m[3meventLoopTick[0m ([0m[36mext:core/01_core.js[0m:[0m[33m177[0m:[0m[33m7[0m)
    at async [0m[1m[3minnerWrapped[0m ([0m[36mext:cli/40_test.js[0m:[0m[33m191[0m:[0m[33m5[0m)
    at async [0m[1m[3mexitSanitizer[0m ([0m[36mext:cli/40_test.js[0m:[0m[33m107[0m:[0m[33m27[0m)
    at async [0m[1m[3mObject.outerWrapped [as fn][0m ([0m[36mext:cli/40_test.js[0m:[0m[33m134[0m:[0m[33m14[0m)
    at async [0m[1m[3mTestContext.step[0m ([0m[36mext:cli/40_test.js[0m:[0m[33m492[0m:[0m[33m22[0m)
    at async [0m[36mfile:///Users/tettuan/github/breakdown/lib/cli/tests/2_unit_args_test.ts[0m:[0m[33m246[0m:[0m[33m3[0m</failure>
        </testcase>
        <testcase name="CLI High-Level Arguments &gt; cleanup" classname="./lib/cli/tests/2_unit_args_test.ts" time="0.000" line="273" col="11">
        </testcase>
    </testsuite>
    <testsuite name="./lib/cli/tests/2_unit_commands_test.ts" tests="6" disabled="0" errors="0" failures="3">
        <testcase name="CLI Command Execution" classname="./lib/cli/tests/2_unit_commands_test.ts" time="0.460" line="33" col="6">
            <failure message="2 test steps failed">2 test steps failed.</failure>
        </testcase>
        <testcase name="CLI Command Execution &gt; setup" classname="./lib/cli/tests/2_unit_commands_test.ts" time="0.211" line="34" col="11">
        </testcase>
        <testcase name="CLI Command Execution &gt; Parameter error: Invalid input parameters" classname="./lib/cli/tests/2_unit_commands_test.ts" time="0.001" line="62" col="11">
            <failure message="Uncaught NotFound: No such file or directory (os error 2): writefile &apos;tmp/test_cli/.agent/breakdown/config/app.yml&apos;">NotFound: No such file or directory (os error 2): writefile &apos;tmp/test_cli/.agent/breakdown/config/app.yml&apos;
    await Deno.writeTextFile(
[0m[31m               ^[0m
    at [0m[1m[3mwriteFile[0m ([0m[36mext:deno_fs/30_fs.js[0m:[0m[33m842[0m:[0m[33m13[0m)
    at [0m[1m[3mObject.writeTextFile[0m ([0m[36mext:deno_fs/30_fs.js[0m:[0m[33m884[0m:[0m[33m12[0m)
    at [0m[36mfile:///Users/tettuan/github/breakdown/lib/cli/tests/2_unit_commands_test.ts[0m:[0m[33m66[0m:[0m[33m16[0m
    at [0m[1m[3minnerWrapped[0m ([0m[36mext:cli/40_test.js[0m:[0m[33m191[0m:[0m[33m11[0m)
    at [0m[1m[3mexitSanitizer[0m ([0m[36mext:cli/40_test.js[0m:[0m[33m107[0m:[0m[33m33[0m)
    at [0m[1m[3mObject.outerWrapped [as fn][0m ([0m[36mext:cli/40_test.js[0m:[0m[33m134[0m:[0m[33m20[0m)
    at [0m[1m[3mTestContext.step[0m ([0m[36mext:cli/40_test.js[0m:[0m[33m492[0m:[0m[33m37[0m)
    at [0m[36mfile:///Users/tettuan/github/breakdown/lib/cli/tests/2_unit_commands_test.ts[0m:[0m[33m62[0m:[0m[33m11[0m</failure>
        </testcase>
        <testcase name="CLI Command Execution &gt; Template not found: Prompt loading failed" classname="./lib/cli/tests/2_unit_commands_test.ts" time="0.001" line="87" col="11">
            <failure message="Uncaught NotFound: No such file or directory (os error 2): writefile &apos;tmp/test_cli/.agent/breakdown/config/app.yml&apos;">NotFound: No such file or directory (os error 2): writefile &apos;tmp/test_cli/.agent/breakdown/config/app.yml&apos;
    await Deno.writeTextFile(
[0m[31m               ^[0m
    at [0m[1m[3mwriteFile[0m ([0m[36mext:deno_fs/30_fs.js[0m:[0m[33m842[0m:[0m[33m13[0m)
    at [0m[1m[3mObject.writeTextFile[0m ([0m[36mext:deno_fs/30_fs.js[0m:[0m[33m884[0m:[0m[33m12[0m)
    at [0m[36mfile:///Users/tettuan/github/breakdown/lib/cli/tests/2_unit_commands_test.ts[0m:[0m[33m91[0m:[0m[33m16[0m
    at [0m[1m[3minnerWrapped[0m ([0m[36mext:cli/40_test.js[0m:[0m[33m191[0m:[0m[33m11[0m)
    at [0m[1m[3mexitSanitizer[0m ([0m[36mext:cli/40_test.js[0m:[0m[33m107[0m:[0m[33m33[0m)
    at [0m[1m[3mObject.outerWrapped [as fn][0m ([0m[36mext:cli/40_test.js[0m:[0m[33m134[0m:[0m[33m20[0m)
    at [0m[1m[3mTestContext.step[0m ([0m[36mext:cli/40_test.js[0m:[0m[33m492[0m:[0m[33m37[0m)
    at [0m[36mfile:///Users/tettuan/github/breakdown/lib/cli/tests/2_unit_commands_test.ts[0m:[0m[33m87[0m:[0m[33m11[0m</failure>
        </testcase>
        <testcase name="CLI Command Execution &gt; configuration integration" classname="./lib/cli/tests/2_unit_commands_test.ts" time="0.177" line="119" col="11">
        </testcase>
        <testcase name="CLI Command Execution &gt; cleanup" classname="./lib/cli/tests/2_unit_commands_test.ts" time="0.002" line="136" col="11">
        </testcase>
    </testsuite>
    <testsuite name="./lib/cli/tests/2_unit_params_test.ts" tests="11" disabled="0" errors="0" failures="0">
        <testcase name="parseArgs: parses required --from and --destination" classname="./lib/cli/tests/2_unit_params_test.ts" time="0.001" line="4" col="6">
        </testcase>
        <testcase name="parseArgs: throws on missing required options" classname="./lib/cli/tests/2_unit_params_test.ts" time="0.000" line="11" col="6">
        </testcase>
        <testcase name="parseArgs: throws on conflicting --from and --input" classname="./lib/cli/tests/2_unit_params_test.ts" time="0.000" line="15" col="6">
        </testcase>
        <testcase name="parseArgs: throws on duplicate option" classname="./lib/cli/tests/2_unit_params_test.ts" time="0.000" line="23" col="6">
        </testcase>
        <testcase name="parseArgs: throws on invalid input type" classname="./lib/cli/tests/2_unit_params_test.ts" time="0.000" line="31" col="6">
        </testcase>
        <testcase name="parseArgs: parses adaptation and promptDir" classname="./lib/cli/tests/2_unit_params_test.ts" time="0.000" line="35" col="6">
        </testcase>
        <testcase name="validateCommandOptions: parses short and long options" classname="./lib/cli/tests/2_unit_params_test.ts" time="0.000" line="51" col="6">
        </testcase>
        <testcase name="validateCommandOptions: throws on duplicate" classname="./lib/cli/tests/2_unit_params_test.ts" time="0.000" line="60" col="6">
        </testcase>
        <testcase name="validateCommandOptions: throws on conflicting" classname="./lib/cli/tests/2_unit_params_test.ts" time="0.000" line="68" col="6">
        </testcase>
[...]
        </testcase>
        <testcase name="PromptAdapterImpl should handle path sanitization" classname="./tests/1_core/3_prompt/prompt_processor_test.ts" time="0.224" line="529" col="6">
        </testcase>
        <testcase name="PromptAdapterImpl allows empty baseDir and uses default" classname="./tests/1_core/3_prompt/prompt_processor_test.ts" time="0.004" line="592" col="6">
        </testcase>
        <testcase name="KEY functionality demo: targeted debugging with hash keys" classname="./tests/1_core/3_prompt/prompt_processor_test.ts" time="0.000" line="636" col="6">
        </testcase>
        <testcase name="should reproduce path mismatch when app_prompt.base_dir is ignored (example script scenario)" classname="./tests/1_core/3_prompt/prompt_processor_test.ts" time="0.020" line="678" col="6">
        </testcase>
    </testsuite>
    <testsuite name="./tests/1_core/3_prompt/prompt_setup_test.ts" tests="1" disabled="0" errors="0" failures="1">
        <testcase name="Prompt Setup" classname="./tests/1_core/3_prompt/prompt_setup_test.ts" time="0.005" line="102" col="6">
            <failure message="Uncaught NotFound: No such file or directory (os error 2): writefile &apos;tmp/test/prompt_setup_test/prompts/find/bugs/base.md&apos;">NotFound: No such file or directory (os error 2): writefile &apos;tmp/test/prompt_setup_test/prompts/find/bugs/base.md&apos;
    await Deno.writeTextFile(join(findBugsDir, &quot;base.md&quot;), findBugsPrompt);
[0m[31m               ^[0m
    at [0m[1m[3mwriteFile[0m ([0m[36mext:deno_fs/30_fs.js[0m:[0m[33m842[0m:[0m[33m13[0m)
    at [0m[1m[3mObject.writeTextFile[0m ([0m[36mext:deno_fs/30_fs.js[0m:[0m[33m884[0m:[0m[33m12[0m)
    at [0m[1m[3msetupTestEnvironment[0m ([0m[36mfile:///Users/tettuan/github/breakdown/tests/helpers/setup.ts[0m:[0m[33m123[0m:[0m[33m16[0m)
    at [0m[1m[3meventLoopTick[0m ([0m[36mext:core/01_core.js[0m:[0m[33m177[0m:[0m[33m7[0m)
    at async [0m[36mfile:///Users/tettuan/github/breakdown/tests/1_core/3_prompt/prompt_setup_test.ts[0m:[0m[33m106[0m:[0m[33m15[0m</failure>
        </testcase>
    </testsuite>
    <testsuite name="./tests/1_core/5_schema_validation/custom_variables_schema_test.ts" tests="3" disabled="1" errors="0" failures="0">
        <testcase name="Custom Variables Schema Tests - All Disabled" classname="./tests/1_core/5_schema_validation/custom_variables_schema_test.ts" time="0.000" line="13" col="6">
            <skipped/>
        </testcase>
        <testcase name="setup" classname="./tests/1_core/5_schema_validation/custom_variables_schema_test.ts" time="0.000" line="22" col="6">
        </testcase>
        <testcase name="cleanup" classname="./tests/1_core/5_schema_validation/custom_variables_schema_test.ts" time="0.000" line="29" col="6">
        </testcase>
    </testsuite>
    <testsuite name="./tests/1_core/factory/input_text_set_test.ts" tests="2" disabled="0" errors="0" failures="0">
        <testcase name="input_textに値をセットできる" classname="./tests/1_core/factory/input_text_set_test.ts" time="0.001" line="7" col="6">
        </testcase>
        <testcase name="input_textが空の場合は空文字列になる" classname="./tests/1_core/factory/input_text_set_test.ts" time="0.000" line="16" col="6">
        </testcase>
    </testsuite>
    <testsuite name="./tests/2_integration/0_flow/stdin_flow_test.ts" tests="6" disabled="0" errors="0" failures="4">
        <testcase name="Stdin Flow Integration" classname="./tests/2_integration/0_flow/stdin_flow_test.ts" time="0.195" line="28" col="6">
            <failure message="3 test steps failed">3 test steps failed.</failure>
        </testcase>
        <testcase name="Stdin Flow Integration &gt; setup" classname="./tests/2_integration/0_flow/stdin_flow_test.ts" time="0.044" line="31" col="11">
            <failure message="Uncaught AssertionError: Values are not equal: Workspace initialization should succeed


    [90m[1m[Diff][22m[39m [31m[1mActual[22m[39m / [32m[1mExpected[22m[39m


[31m[1m-   false[22m[39m
[32m[1m+   true[22m[39m
">AssertionError: Values are not equal: Workspace initialization should succeed


    [90m[1m[Diff][22m[39m [31m[1mActual[22m[39m / [32m[1mExpected[22m[39m


[31m[1m-   false[22m[39m
[32m[1m+   true[22m[39m

  throw new AssertionError(message);
[0m[31m        ^[0m
    at [0m[1m[3massertEquals[0m ([0m[36mhttps://jsr.io/@std/assert/0.224.0/assert_equals.ts[0m:[0m[33m52[0m:[0m[33m9[0m)
    at [0m[36mfile:///Users/tettuan/github/breakdown/tests/2_integration/0_flow/stdin_flow_test.ts[0m:[0m[33m41[0m:[0m[33m5[0m
    at [0m[1m[3meventLoopTick[0m ([0m[36mext:core/01_core.js[0m:[0m[33m177[0m:[0m[33m7[0m)
    at async [0m[1m[3minnerWrapped[0m ([0m[36mext:cli/40_test.js[0m:[0m[33m191[0m:[0m[33m5[0m)
    at async [0m[1m[3mexitSanitizer[0m ([0m[36mext:cli/40_test.js[0m:[0m[33m107[0m:[0m[33m27[0m)
    at async [0m[1m[3mObject.outerWrapped [as fn][0m ([0m[36mext:cli/40_test.js[0m:[0m[33m134[0m:[0m[33m14[0m)
    at async [0m[1m[3mTestContext.step[0m ([0m[36mext:cli/40_test.js[0m:[0m[33m492[0m:[0m[33m22[0m)
    at async [0m[36mfile:///Users/tettuan/github/breakdown/tests/2_integration/0_flow/stdin_flow_test.ts[0m:[0m[33m31[0m:[0m[33m3[0m</failure>
        </testcase>
        <testcase name="Stdin Flow Integration &gt; summary command with stdin input" classname="./tests/2_integration/0_flow/stdin_flow_test.ts" time="0.063" line="100" col="11">
            <failure message="Uncaught AssertionError: Values are not equal: Command should succeed


    [90m[1m[Diff][22m[39m [31m[1mActual[22m[39m / [32m[1mExpected[22m[39m


[31m[1m-   false[22m[39m
[32m[1m+   true[22m[39m
">AssertionError: Values are not equal: Command should succeed


    [90m[1m[Diff][22m[39m [31m[1mActual[22m[39m / [32m[1mExpected[22m[39m


[31m[1m-   false[22m[39m
[32m[1m+   true[22m[39m

  throw new AssertionError(message);
[0m[31m        ^[0m
    at [0m[1m[3massertEquals[0m ([0m[36mhttps://jsr.io/@std/assert/0.224.0/assert_equals.ts[0m:[0m[33m52[0m:[0m[33m9[0m)
    at [0m[36mfile:///Users/tettuan/github/breakdown/tests/2_integration/0_flow/stdin_flow_test.ts[0m:[0m[33m110[0m:[0m[33m5[0m
    at [0m[1m[3meventLoopTick[0m ([0m[36mext:core/01_core.js[0m:[0m[33m177[0m:[0m[33m7[0m)
    at async [0m[1m[3minnerWrapped[0m ([0m[36mext:cli/40_test.js[0m:[0m[33m191[0m:[0m[33m5[0m)
    at async [0m[1m[3mexitSanitizer[0m ([0m[36mext:cli/40_test.js[0m:[0m[33m107[0m:[0m[33m27[0m)
    at async [0m[1m[3mObject.outerWrapped [as fn][0m ([0m[36mext:cli/40_test.js[0m:[0m[33m134[0m:[0m[33m14[0m)
    at async [0m[1m[3mTestContext.step[0m ([0m[36mext:cli/40_test.js[0m:[0m[33m492[0m:[0m[33m22[0m)
    at async [0m[36mfile:///Users/tettuan/github/breakdown/tests/2_integration/0_flow/stdin_flow_test.ts[0m:[0m[33m100[0m:[0m[33m3[0m</failure>
        </testcase>
        <testcase name="Stdin Flow Integration &gt; to command with stdin input" classname="./tests/2_integration/0_flow/stdin_flow_test.ts" time="0.029" line="114" col="11">
            <failure message="Uncaught AssertionError: Values are not equal: Command should succeed


    [90m[1m[Diff][22m[39m [31m[1mActual[22m[39m / [32m[1mExpected[22m[39m


[31m[1m-   false[22m[39m
[32m[1m+   true[22m[39m
">AssertionError: Values are not equal: Command should succeed


    [90m[1m[Diff][22m[39m [31m[1mActual[22m[39m / [32m[1mExpected[22m[39m


[31m[1m-   false[22m[39m
[32m[1m+   true[22m[39m

  throw new AssertionError(message);
[0m[31m        ^[0m
    at [0m[1m[3massertEquals[0m ([0m[36mhttps://jsr.io/@std/assert/0.224.0/assert_equals.ts[0m:[0m[33m52[0m:[0m[33m9[0m)
    at [0m[36mfile:///Users/tettuan/github/breakdown/tests/2_integration/0_flow/stdin_flow_test.ts[0m:[0m[33m124[0m:[0m[33m5[0m
    at [0m[1m[3meventLoopTick[0m ([0m[36mext:core/01_core.js[0m:[0m[33m177[0m:[0m[33m7[0m)
    at async [0m[1m[3minnerWrapped[0m ([0m[36mext:cli/40_test.js[0m:[0m[33m191[0m:[0m[33m5[0m)
    at async [0m[1m[3mexitSanitizer[0m ([0m[36mext:cli/40_test.js[0m:[0m[33m107[0m:[0m[33m27[0m)
    at async [0m[1m[3mObject.outerWrapped [as fn][0m ([0m[36mext:cli/40_test.js[0m:[0m[33m134[0m:[0m[33m14[0m)
    at async [0m[1m[3mTestContext.step[0m ([0m[36mext:cli/40_test.js[0m:[0m[33m492[0m:[0m[33m22[0m)
    at async [0m[36mfile:///Users/tettuan/github/breakdown/tests/2_integration/0_flow/stdin_flow_test.ts[0m:[0m[33m114[0m:[0m[33m3[0m</failure>
        </testcase>
        <testcase name="Stdin Flow Integration &gt; stdin with -o option" classname="./tests/2_integration/0_flow/stdin_flow_test.ts" time="0.047" line="132" col="11">
        </testcase>
        <testcase name="Stdin Flow Integration &gt; cleanup" classname="./tests/2_integration/0_flow/stdin_flow_test.ts" time="0.000" line="149" col="11">
        </testcase>
    </testsuite>
    <testsuite name="./tests/2_integration/0_flow/flow_test.ts" tests="5" disabled="0" errors="0" failures="0">
        <testcase name="setup" classname="./tests/2_integration/0_flow/flow_test.ts" time="0.000" line="17" col="6">
        </testcase>
        <testcase name="breakdown init creates correct directory structure" classname="./tests/2_integration/0_flow/flow_test.ts" time="0.234" line="32" col="6">
        </testcase>
        <testcase name="workspace initialization and structure" classname="./tests/2_integration/0_flow/flow_test.ts" time="0.052" line="51" col="6">
        </testcase>
        <testcase name="workspace error handling" classname="./tests/2_integration/0_flow/flow_test.ts" time="0.000" line="83" col="6">
        </testcase>
        <testcase name="workspace path resolution" classname="./tests/2_integration/0_flow/flow_test.ts" time="0.027" line="102" col="6">
        </testcase>
    </testsuite>
    <testsuite name="./tests/1_core/factory/stdin_handling_test.ts" tests="5" disabled="0" errors="0" failures="4">
        <testcase name="Factory stdin handling" classname="./tests/1_core/factory/stdin_handling_test.ts" time="0.139" line="31" col="6">
            <failure message="3 test steps failed">3 test steps failed.</failure>
        </testcase>
        <testcase name="Factory stdin handling &gt; setup" classname="./tests/1_core/factory/stdin_handling_test.ts" time="0.094" line="32" col="11">
            <failure message="Uncaught NotFound: No such file or directory (os error 2): mkdir &apos;tmp/test_factory_stdin/.agent/breakdown/config&apos;">NotFound: No such file or directory (os error 2): mkdir &apos;tmp/test_factory_stdin/.agent/breakdown/config&apos;
    await Deno.mkdir(dir, { recursive: true });
[0m[31m    ^[0m
    at async [0m[1m[3mObject.mkdir[0m ([0m[36mext:deno_fs/30_fs.js[0m:[0m[33m200[0m:[0m[33m3[0m)
    at async [0m[1m[3mensureDir[0m ([0m[36mhttps://jsr.io/@std/fs/0.224.0/ensure_dir.ts[0m:[0m[33m40[0m:[0m[33m5[0m)
    at async [0m[36mfile:///Users/tettuan/github/breakdown/tests/1_core/factory/stdin_handling_test.ts[0m:[0m[33m46[0m:[0m[33m5[0m
    at async [0m[1m[3minnerWrapped[0m ([0m[36mext:cli/40_test.js[0m:[0m[33m191[0m:[0m[33m5[0m)
    at async [0m[1m[3mexitSanitizer[0m ([0m[36mext:cli/40_test.js[0m:[0m[33m107[0m:[0m[33m27[0m)
    at async [0m[1m[3mObject.outerWrapped [as fn][0m ([0m[36mext:cli/40_test.js[0m:[0m[33m134[0m:[0m[33m14[0m)
    at async [0m[1m[3mTestContext.step[0m ([0m[36mext:cli/40_test.js[0m:[0m[33m492[0m:[0m[33m22[0m)
    at async [0m[36mfile:///Users/tettuan/github/breakdown/tests/1_core/factory/stdin_handling_test.ts[0m:[0m[33m32[0m:[0m[33m3[0m</failure>
        </testcase>
        <testcase name="Factory stdin handling &gt; should handle stdin input" classname="./tests/1_core/factory/stdin_handling_test.ts" time="0.035" line="61" col="11">
        </testcase>
        <testcase name="Factory stdin handling &gt; should handle both stdin and file input" classname="./tests/1_core/factory/stdin_handling_test.ts" time="0.002" line="86" col="11">
            <failure message="Uncaught Error: ERR1001: Application configuration file not found at: /private/var/folders/02/xg6n7xd16l7cq_xgh9_x9d300000gp/T/48e2168e8f03e574/.agent/breakdown/config/app.yml">Error: ERR1001: Application configuration file not found at: /private/var/folders/02/xg6n7xd16l7cq_xgh9_x9d300000gp/T/48e2168e8f03e574/.agent/breakdown/config/app.yml
    throw new Error(`${code}: ${message}`);
[0m[31m          ^[0m
    at [0m[1m[3mFunction.throwError[0m ([0m[36mhttps://jsr.io/@tettuan/breakdownconfig/1.1.0/src/error_manager.ts[0m:[0m[33m86[0m:[0m[33m11[0m)
    at [0m[1m[3mAppConfigLoader.load[0m ([0m[36mhttps://jsr.io/@tettuan/breakdownconfig/1.1.0/src/loaders/app_config_loader.ts[0m:[0m[33m166[0m:[0m[33m24[0m)
    at [0m[1m[3meventLoopTick[0m ([0m[36mext:core/01_core.js[0m:[0m[33m177[0m:[0m[33m7[0m)
    at async [0m[1m[3mConfigManager.loadAppConfig[0m ([0m[36mhttps://jsr.io/@tettuan/breakdownconfig/1.1.0/src/config_manager.ts[0m:[0m[33m77[0m:[0m[33m24[0m)
    at async [0m[1m[3mConfigManager.getConfig[0m ([0m[36mhttps://jsr.io/@tettuan/breakdownconfig/1.1.0/src/config_manager.ts[0m:[0m[33m56[0m:[0m[33m25[0m)
    at async [0m[1m[3mBreakdownConfig.loadConfig[0m ([0m[36mhttps://jsr.io/@tettuan/breakdownconfig/1.1.0/src/breakdown_config.ts[0m:[0m[33m65[0m:[0m[33m22[0m)
    at async [0m[1m[3mFunction.create[0m ([0m[36mfile:///Users/tettuan/github/breakdown/lib/factory/prompt_variables_factory.ts[0m:[0m[33m114[0m:[0m[33m5[0m)
    at async [0m[36mfile:///Users/tettuan/github/breakdown/tests/1_core/factory/stdin_handling_test.ts[0m:[0m[33m100[0m:[0m[33m21[0m</failure>
        </testcase>
        <testcase name="Factory stdin handling &gt; cleanup" classname="./tests/1_core/factory/stdin_handling_test.ts" time="0.001" line="111" col="11">
            <failure message="Uncaught NotFound: No such file or directory (os error 2): chdir &apos;undefined&apos;">NotFound: No such file or directory (os error 2): chdir &apos;undefined&apos;
    Deno.chdir(originalCwd);
[0m[31m         ^[0m
    at [0m[1m[3mObject.chdir[0m ([0m[36mext:deno_fs/30_fs.js[0m:[0m[33m156[0m:[0m[33m3[0m)
    at [0m[36mfile:///Users/tettuan/github/breakdown/tests/1_core/factory/stdin_handling_test.ts[0m:[0m[33m122[0m:[0m[33m10[0m
    at [0m[1m[3meventLoopTick[0m ([0m[36mext:core/01_core.js[0m:[0m[33m177[0m:[0m[33m7[0m)
    at async [0m[1m[3minnerWrapped[0m ([0m[36mext:cli/40_test.js[0m:[0m[33m191[0m:[0m[33m5[0m)
    at async [0m[1m[3mexitSanitizer[0m ([0m[36mext:cli/40_test.js[0m:[0m[33m107[0m:[0m[33m27[0m)
    at async [0m[1m[3mObject.outerWrapped [as fn][0m ([0m[36mext:cli/40_test.js[0m:[0m[33m134[0m:[0m[33m14[0m)
    at async [0m[1m[3mTestContext.step[0m ([0m[36mext:cli/40_test.js[0m:[0m[33m492[0m:[0m[33m22[0m)
    at async [0m[36mfile:///Users/tettuan/github/breakdown/tests/1_core/factory/stdin_handling_test.ts[0m:[0m[33m111[0m:[0m[33m3[0m</failure>
        </testcase>
    </testsuite>
    <testsuite name="./tests/3_scenarios/0_basic/commands_test.ts" tests="1" disabled="0" errors="0" failures="1">
        <testcase name="core functionality - JSR package integration" classname="./tests/3_scenarios/0_basic/commands_test.ts" time="0.066" line="36" col="6">
            <failure message="Uncaught NotFound: No such file or directory (os error 2): copy &apos;tests/fixtures/prompts/to/project/f_project.md&apos; -&gt; &apos;./tmp/test/core-integration/prompts/to/project/f_project.md&apos;">NotFound: No such file or directory (os error 2): copy &apos;tests/fixtures/prompts/to/project/f_project.md&apos; -&gt; &apos;./tmp/test/core-integration/prompts/to/project/f_project.md&apos;
  await Deno.copyFile(srcPromptPath, `${env.workingDir}/prompts/to/project/f_project.md`);
[0m[31m  ^[0m
    at async [0m[1m[3mObject.copyFile[0m ([0m[36mext:deno_fs/30_fs.js[0m:[0m[33m145[0m:[0m[33m3[0m)
    at async [0m[36mfile:///Users/tettuan/github/breakdown/tests/3_scenarios/0_basic/commands_test.ts[0m:[0m[33m68[0m:[0m[33m3[0m</failure>
        </testcase>
    </testsuite>
    <testsuite name="./tests/2_integration/1_examples/examples_flow_test.ts" tests="10" disabled="0" errors="0" failures="0">
        <testcase name="E2E: project summary to project/issue/task (happy path)" classname="./tests/2_integration/1_examples/examples_flow_test.ts" time="0.175" line="22" col="6">
        </testcase>
        <testcase name="E2E: adaptation option (long and short)" classname="./tests/2_integration/1_examples/examples_flow_test.ts" time="0.211" line="72" col="6">
        </testcase>
        <testcase name="E2E: error case - missing input file" classname="./tests/2_integration/1_examples/examples_flow_test.ts" time="0.090" line="161" col="6">
        </testcase>
        <testcase name="E2E: error if app_prompt.base_dir directory is missing" classname="./tests/2_integration/1_examples/examples_flow_test.ts" time="0.101" line="206" col="6">
        </testcase>
        <testcase name="E2E: error if app_prompt.base_dir is a file (error message contains &apos;is not a directory&apos;)" classname="./tests/2_integration/1_examples/examples_flow_test.ts" time="0.092" line="244" col="6">
        </testcase>
        <testcase name="E2E: relative vs absolute baseDir in config" classname="./tests/2_integration/1_examples/examples_flow_test.ts" time="0.104" line="290" col="6">
        </testcase>
        <testcase name="E2E: template path is resolved using baseDir (relative)" classname="./tests/2_integration/1_examples/examples_flow_test.ts" time="0.095" line="338" col="6">
        </testcase>
        <testcase name="BreakdownConfig loads and merges app.yml and user.yml as spec" classname="./tests/2_integration/1_examples/examples_flow_test.ts" time="0.003" line="373" col="6">
        </testcase>
        <testcase name="BreakdownConfig: working_dir is not used as prefix for app_prompt.base_dir" classname="./tests/2_integration/1_examples/examples_flow_test.ts" time="0.000" line="408" col="6">
        </testcase>
        <testcase name="BreakdownConfig: error if config missing required fields" classname="./tests/2_integration/1_examples/examples_flow_test.ts" time="0.000" line="430" col="6">
        </testcase>
    </testsuite>
    <testsuite name="./tests/3_scenarios/1_edge_cases/edge_scenarios_test.ts" tests="5" disabled="0" errors="0" failures="0">
        <testcase name="CLI error scenario when baseDir is unset" classname="./tests/3_scenarios/1_edge_cases/edge_scenarios_test.ts" time="0.121" line="73" col="6">
        </testcase>
        <testcase name="Recovery scenario when app.yml and actual directory mismatch" classname="./tests/3_scenarios/1_edge_cases/edge_scenarios_test.ts" time="0.195" line="95" col="6">
        </testcase>
        <testcase name="Precedence when user.yml and app.yml baseDir conflict" classname="./tests/3_scenarios/1_edge_cases/edge_scenarios_test.ts" time="0.115" line="129" col="6">
        </testcase>
        <testcase name="E2E: baseDir is used for template lookup" classname="./tests/3_scenarios/1_edge_cases/edge_scenarios_test.ts" time="0.094" line="261" col="6">
        </testcase>
        <testcase name="Retry/recovery scenario on error" classname="./tests/3_scenarios/1_edge_cases/edge_scenarios_test.ts" time="0.190" line="305" col="6">
        </testcase>
    </testsuite>
</testsuites>
[0m[1m[31merror[0m: Test failed
